04:43:10 **** Clean-only build of configuration Nios II for project nios_led3_bsp ****
make clean 
[BSP clean complete]
04:43:11 **** Clean-only build of configuration Nios II for project nios_led3 ****
make clean 
[nios_led3 clean complete]
13:36:17 **** Build of configuration Nios II for project nios_led3 ****
make all 
Info: Building ../nios_led3_bsp/
make --no-print-directory -C ../nios_led3_bsp/
Compiling alt_alarm_start.c...
nios2-elf-gcc -xc -MP -MMD -c  -I./HAL/inc -I. -I./drivers/inc -pipe -D__hal__ -DALT_USE_DIRECT_DRIVERS -DALT_NO_INSTRUCTION_EMULATION -DALT_SINGLE_THREADED    -O0 -g -Wall  -mno-hw-div -mno-hw-mul -mno-hw-mulx -mgpopt=global   -o obj/HAL/src/alt_alarm_start.o HAL/src/alt_alarm_start.c
Compiling alt_busy_sleep.c...
nios2-elf-gcc -xc -MP -MMD -c  -I./HAL/inc -I. -I./drivers/inc -pipe -D__hal__ -DALT_USE_DIRECT_DRIVERS -DALT_NO_INSTRUCTION_EMULATION -DALT_SINGLE_THREADED    -O0 -g -Wall  -mno-hw-div -mno-hw-mul -mno-hw-mulx -mgpopt=global   -o obj/HAL/src/alt_busy_sleep.o HAL/src/alt_busy_sleep.c
Compiling alt_close.c...
nios2-elf-gcc -xc -MP -MMD -c  -I./HAL/inc -I. -I./drivers/inc -pipe -D__hal__ -DALT_USE_DIRECT_DRIVERS -DALT_NO_INSTRUCTION_EMULATION -DALT_SINGLE_THREADED    -O0 -g -Wall  -mno-hw-div -mno-hw-mul -mno-hw-mulx -mgpopt=global   -o obj/HAL/src/alt_close.o HAL/src/alt_close.c
Compiling alt_dcache_flush.c...
nios2-elf-gcc -xc -MP -MMD -c  -I./HAL/inc -I. -I./drivers/inc -pipe -D__hal__ -DALT_USE_DIRECT_DRIVERS -DALT_NO_INSTRUCTION_EMULATION -DALT_SINGLE_THREADED    -O0 -g -Wall  -mno-hw-div -mno-hw-mul -mno-hw-mulx -mgpopt=global   -o obj/HAL/src/alt_dcache_flush.o HAL/src/alt_dcache_flush.c
Compiling alt_dcache_flush_all.c...
nios2-elf-gcc -xc -MP -MMD -c  -I./HAL/inc -I. -I./drivers/inc -pipe -D__hal__ -DALT_USE_DIRECT_DRIVERS -DALT_NO_INSTRUCTION_EMULATION -DALT_SINGLE_THREADED    -O0 -g -Wall  -mno-hw-div -mno-hw-mul -mno-hw-mulx -mgpopt=global   -o obj/HAL/src/alt_dcache_flush_all.o HAL/src/alt_dcache_flush_all.c
Compiling alt_dcache_flush_no_writeback.c...
nios2-elf-gcc -xc -MP -MMD -c  -I./HAL/inc -I. -I./drivers/inc -pipe -D__hal__ -DALT_USE_DIRECT_DRIVERS -DALT_NO_INSTRUCTION_EMULATION -DALT_SINGLE_THREADED    -O0 -g -Wall  -mno-hw-div -mno-hw-mul -mno-hw-mulx -mgpopt=global   -o obj/HAL/src/alt_dcache_flush_no_writeback.o HAL/src/alt_dcache_flush_no_writeback.c
Compiling alt_dev.c...
nios2-elf-gcc -xc -MP -MMD -c  -I./HAL/inc -I. -I./drivers/inc -pipe -D__hal__ -DALT_USE_DIRECT_DRIVERS -DALT_NO_INSTRUCTION_EMULATION -DALT_SINGLE_THREADED    -O0 -g -Wall  -mno-hw-div -mno-hw-mul -mno-hw-mulx -mgpopt=global   -o obj/HAL/src/alt_dev.o HAL/src/alt_dev.c
Compiling alt_dev_llist_insert.c...
nios2-elf-gcc -xc -MP -MMD -c  -I./HAL/inc -I. -I./drivers/inc -pipe -D__hal__ -DALT_USE_DIRECT_DRIVERS -DALT_NO_INSTRUCTION_EMULATION -DALT_SINGLE_THREADED    -O0 -g -Wall  -mno-hw-div -mno-hw-mul -mno-hw-mulx -mgpopt=global   -o obj/HAL/src/alt_dev_llist_insert.o HAL/src/alt_dev_llist_insert.c
Compiling alt_dma_rxchan_open.c...
nios2-elf-gcc -xc -MP -MMD -c  -I./HAL/inc -I. -I./drivers/inc -pipe -D__hal__ -DALT_USE_DIRECT_DRIVERS -DALT_NO_INSTRUCTION_EMULATION -DALT_SINGLE_THREADED    -O0 -g -Wall  -mno-hw-div -mno-hw-mul -mno-hw-mulx -mgpopt=global   -o obj/HAL/src/alt_dma_rxchan_open.o HAL/src/alt_dma_rxchan_open.c
Compiling alt_dma_txchan_open.c...
nios2-elf-gcc -xc -MP -MMD -c  -I./HAL/inc -I. -I./drivers/inc -pipe -D__hal__ -DALT_USE_DIRECT_DRIVERS -DALT_NO_INSTRUCTION_EMULATION -DALT_SINGLE_THREADED    -O0 -g -Wall  -mno-hw-div -mno-hw-mul -mno-hw-mulx -mgpopt=global   -o obj/HAL/src/alt_dma_txchan_open.o HAL/src/alt_dma_txchan_open.c
Compiling alt_do_ctors.c...
nios2-elf-gcc -xc -MP -MMD -c  -I./HAL/inc -I. -I./drivers/inc -pipe -D__hal__ -DALT_USE_DIRECT_DRIVERS -DALT_NO_INSTRUCTION_EMULATION -DALT_SINGLE_THREADED    -O0 -g -Wall  -mno-hw-div -mno-hw-mul -mno-hw-mulx -mgpopt=global   -o obj/HAL/src/alt_do_ctors.o HAL/src/alt_do_ctors.c
Compiling alt_do_dtors.c...
nios2-elf-gcc -xc -MP -MMD -c  -I./HAL/inc -I. -I./drivers/inc -pipe -D__hal__ -DALT_USE_DIRECT_DRIVERS -DALT_NO_INSTRUCTION_EMULATION -DALT_SINGLE_THREADED    -O0 -g -Wall  -mno-hw-div -mno-hw-mul -mno-hw-mulx -mgpopt=global   -o obj/HAL/src/alt_do_dtors.o HAL/src/alt_do_dtors.c
Compiling alt_ecc_fatal_entry.S...
nios2-elf-gcc -MP -MMD -c   -O0 -g -Wall  -mno-hw-div -mno-hw-mul -mno-hw-mulx -mgpopt=global    -I./HAL/inc -I. -I./drivers/inc -pipe -D__hal__ -DALT_USE_DIRECT_DRIVERS -DALT_NO_INSTRUCTION_EMULATION -DALT_SINGLE_THREADED  -Wa,-gdwarf2  -o obj/HAL/src/alt_ecc_fatal_entry.o HAL/src/alt_ecc_fatal_entry.S
Compiling alt_ecc_fatal_exception.c...
nios2-elf-gcc -xc -MP -MMD -c  -I./HAL/inc -I. -I./drivers/inc -pipe -D__hal__ -DALT_USE_DIRECT_DRIVERS -DALT_NO_INSTRUCTION_EMULATION -DALT_SINGLE_THREADED    -O0 -g -Wall  -mno-hw-div -mno-hw-mul -mno-hw-mulx -mgpopt=global   -o obj/HAL/src/alt_ecc_fatal_exception.o HAL/src/alt_ecc_fatal_exception.c
Compiling alt_env_lock.c...
nios2-elf-gcc -xc -MP -MMD -c  -I./HAL/inc -I. -I./drivers/inc -pipe -D__hal__ -DALT_USE_DIRECT_DRIVERS -DALT_NO_INSTRUCTION_EMULATION -DALT_SINGLE_THREADED    -O0 -g -Wall  -mno-hw-div -mno-hw-mul -mno-hw-mulx -mgpopt=global   -o obj/HAL/src/alt_env_lock.o HAL/src/alt_env_lock.c
Compiling alt_environ.c...
nios2-elf-gcc -xc -MP -MMD -c  -I./HAL/inc -I. -I./drivers/inc -pipe -D__hal__ -DALT_USE_DIRECT_DRIVERS -DALT_NO_INSTRUCTION_EMULATION -DALT_SINGLE_THREADED    -O0 -g -Wall  -mno-hw-div -mno-hw-mul -mno-hw-mulx -mgpopt=global   -o obj/HAL/src/alt_environ.o HAL/src/alt_environ.c
Compiling alt_errno.c...
nios2-elf-gcc -xc -MP -MMD -c  -I./HAL/inc -I. -I./drivers/inc -pipe -D__hal__ -DALT_USE_DIRECT_DRIVERS -DALT_NO_INSTRUCTION_EMULATION -DALT_SINGLE_THREADED    -O0 -g -Wall  -mno-hw-div -mno-hw-mul -mno-hw-mulx -mgpopt=global   -o obj/HAL/src/alt_errno.o HAL/src/alt_errno.c
Compiling alt_exception_entry.S...
nios2-elf-gcc -MP -MMD -c   -O0 -g -Wall  -mno-hw-div -mno-hw-mul -mno-hw-mulx -mgpopt=global    -I./HAL/inc -I. -I./drivers/inc -pipe -D__hal__ -DALT_USE_DIRECT_DRIVERS -DALT_NO_INSTRUCTION_EMULATION -DALT_SINGLE_THREADED  -Wa,-gdwarf2  -o obj/HAL/src/alt_exception_entry.o HAL/src/alt_exception_entry.S
Compiling alt_exception_muldiv.S...
nios2-elf-gcc -MP -MMD -c   -O0 -g -Wall  -mno-hw-div -mno-hw-mul -mno-hw-mulx -mgpopt=global    -I./HAL/inc -I. -I./drivers/inc -pipe -D__hal__ -DALT_USE_DIRECT_DRIVERS -DALT_NO_INSTRUCTION_EMULATION -DALT_SINGLE_THREADED  -Wa,-gdwarf2  -o obj/HAL/src/alt_exception_muldiv.o HAL/src/alt_exception_muldiv.S
Compiling alt_exception_trap.S...
nios2-elf-gcc -MP -MMD -c   -O0 -g -Wall  -mno-hw-div -mno-hw-mul -mno-hw-mulx -mgpopt=global    -I./HAL/inc -I. -I./drivers/inc -pipe -D__hal__ -DALT_USE_DIRECT_DRIVERS -DALT_NO_INSTRUCTION_EMULATION -DALT_SINGLE_THREADED  -Wa,-gdwarf2  -o obj/HAL/src/alt_exception_trap.o HAL/src/alt_exception_trap.S
Compiling alt_execve.c...
nios2-elf-gcc -xc -MP -MMD -c  -I./HAL/inc -I. -I./drivers/inc -pipe -D__hal__ -DALT_USE_DIRECT_DRIVERS -DALT_NO_INSTRUCTION_EMULATION -DALT_SINGLE_THREADED    -O0 -g -Wall  -mno-hw-div -mno-hw-mul -mno-hw-mulx -mgpopt=global   -o obj/HAL/src/alt_execve.o HAL/src/alt_execve.c
Compiling alt_exit.c...
nios2-elf-gcc -xc -MP -MMD -c  -I./HAL/inc -I. -I./drivers/inc -pipe -D__hal__ -DALT_USE_DIRECT_DRIVERS -DALT_NO_INSTRUCTION_EMULATION -DALT_SINGLE_THREADED    -O0 -g -Wall  -mno-hw-div -mno-hw-mul -mno-hw-mulx -mgpopt=global   -o obj/HAL/src/alt_exit.o HAL/src/alt_exit.c
Compiling alt_fcntl.c...
nios2-elf-gcc -xc -MP -MMD -c  -I./HAL/inc -I. -I./drivers/inc -pipe -D__hal__ -DALT_USE_DIRECT_DRIVERS -DALT_NO_INSTRUCTION_EMULATION -DALT_SINGLE_THREADED    -O0 -g -Wall  -mno-hw-div -mno-hw-mul -mno-hw-mulx -mgpopt=global   -o obj/HAL/src/alt_fcntl.o HAL/src/alt_fcntl.c
Compiling alt_fd_lock.c...
nios2-elf-gcc -xc -MP -MMD -c  -I./HAL/inc -I. -I./drivers/inc -pipe -D__hal__ -DALT_USE_DIRECT_DRIVERS -DALT_NO_INSTRUCTION_EMULATION -DALT_SINGLE_THREADED    -O0 -g -Wall  -mno-hw-div -mno-hw-mul -mno-hw-mulx -mgpopt=global   -o obj/HAL/src/alt_fd_lock.o HAL/src/alt_fd_lock.c
Compiling alt_fd_unlock.c...
nios2-elf-gcc -xc -MP -MMD -c  -I./HAL/inc -I. -I./drivers/inc -pipe -D__hal__ -DALT_USE_DIRECT_DRIVERS -DALT_NO_INSTRUCTION_EMULATION -DALT_SINGLE_THREADED    -O0 -g -Wall  -mno-hw-div -mno-hw-mul -mno-hw-mulx -mgpopt=global   -o obj/HAL/src/alt_fd_unlock.o HAL/src/alt_fd_unlock.c
Compiling alt_find_dev.c...
nios2-elf-gcc -xc -MP -MMD -c  -I./HAL/inc -I. -I./drivers/inc -pipe -D__hal__ -DALT_USE_DIRECT_DRIVERS -DALT_NO_INSTRUCTION_EMULATION -DALT_SINGLE_THREADED    -O0 -g -Wall  -mno-hw-div -mno-hw-mul -mno-hw-mulx -mgpopt=global   -o obj/HAL/src/alt_find_dev.o HAL/src/alt_find_dev.c
Compiling alt_find_file.c...
nios2-elf-gcc -xc -MP -MMD -c  -I./HAL/inc -I. -I./drivers/inc -pipe -D__hal__ -DALT_USE_DIRECT_DRIVERS -DALT_NO_INSTRUCTION_EMULATION -DALT_SINGLE_THREADED    -O0 -g -Wall  -mno-hw-div -mno-hw-mul -mno-hw-mulx -mgpopt=global   -o obj/HAL/src/alt_find_file.o HAL/src/alt_find_file.c
Compiling alt_flash_dev.c...
nios2-elf-gcc -xc -MP -MMD -c  -I./HAL/inc -I. -I./drivers/inc -pipe -D__hal__ -DALT_USE_DIRECT_DRIVERS -DALT_NO_INSTRUCTION_EMULATION -DALT_SINGLE_THREADED    -O0 -g -Wall  -mno-hw-div -mno-hw-mul -mno-hw-mulx -mgpopt=global   -o obj/HAL/src/alt_flash_dev.o HAL/src/alt_flash_dev.c
Compiling alt_fork.c...
nios2-elf-gcc -xc -MP -MMD -c  -I./HAL/inc -I. -I./drivers/inc -pipe -D__hal__ -DALT_USE_DIRECT_DRIVERS -DALT_NO_INSTRUCTION_EMULATION -DALT_SINGLE_THREADED    -O0 -g -Wall  -mno-hw-div -mno-hw-mul -mno-hw-mulx -mgpopt=global   -o obj/HAL/src/alt_fork.o HAL/src/alt_fork.c
Compiling alt_fs_reg.c...
nios2-elf-gcc -xc -MP -MMD -c  -I./HAL/inc -I. -I./drivers/inc -pipe -D__hal__ -DALT_USE_DIRECT_DRIVERS -DALT_NO_INSTRUCTION_EMULATION -DALT_SINGLE_THREADED    -O0 -g -Wall  -mno-hw-div -mno-hw-mul -mno-hw-mulx -mgpopt=global   -o obj/HAL/src/alt_fs_reg.o HAL/src/alt_fs_reg.c
Compiling alt_fstat.c...
nios2-elf-gcc -xc -MP -MMD -c  -I./HAL/inc -I. -I./drivers/inc -pipe -D__hal__ -DALT_USE_DIRECT_DRIVERS -DALT_NO_INSTRUCTION_EMULATION -DALT_SINGLE_THREADED    -O0 -g -Wall  -mno-hw-div -mno-hw-mul -mno-hw-mulx -mgpopt=global   -o obj/HAL/src/alt_fstat.o HAL/src/alt_fstat.c
Compiling alt_get_fd.c...
nios2-elf-gcc -xc -MP -MMD -c  -I./HAL/inc -I. -I./drivers/inc -pipe -D__hal__ -DALT_USE_DIRECT_DRIVERS -DALT_NO_INSTRUCTION_EMULATION -DALT_SINGLE_THREADED    -O0 -g -Wall  -mno-hw-div -mno-hw-mul -mno-hw-mulx -mgpopt=global   -o obj/HAL/src/alt_get_fd.o HAL/src/alt_get_fd.c
Compiling alt_getchar.c...
nios2-elf-gcc -xc -MP -MMD -c  -I./HAL/inc -I. -I./drivers/inc -pipe -D__hal__ -DALT_USE_DIRECT_DRIVERS -DALT_NO_INSTRUCTION_EMULATION -DALT_SINGLE_THREADED    -O0 -g -Wall  -mno-hw-div -mno-hw-mul -mno-hw-mulx -mgpopt=global   -o obj/HAL/src/alt_getchar.o HAL/src/alt_getchar.c
In file included from HAL/src/alt_getchar.c:37:
HAL/src/alt_getchar.c: In function 'alt_getchar':
./system.h:223:36: warning: 'c' may be used uninitialized [-Wmaybe-uninitialized]
  223 | #define ALT_MODULE_CLASS_jtag_uart altera_avalon_jtag_uart
Compiling alt_getpid.c...
./HAL/inc/sys/alt_driver.h:76:3: note: in definition of macro 'ALT_DRIVER_FUNC_NAME2'
nios2-elf-gcc -xc -MP -MMD -c  -I./HAL/inc -I. -I./drivers/inc -pipe -D__hal__ -DALT_USE_DIRECT_DRIVERS -DALT_NO_INSTRUCTION_EMULATION -DALT_SINGLE_THREADED    -O0 -g -Wall  -mno-hw-div -mno-hw-mul -mno-hw-mulx -mgpopt=global   -o obj/HAL/src/alt_getpid.o HAL/src/alt_getpid.c
   76 |   module_class ## _ ## func
      |   ^~~~~~~~~~~~
./HAL/inc/sys/alt_driver.h:72:3: note: in expansion of macro 'ALT_DRIVER_FUNC_NAME1'
   72 |   ALT_DRIVER_FUNC_NAME1(ALT_MODULE_CLASS(instance), func)
      |   ^~~~~~~~~~~~~~~~~~~~~
./HAL/inc/sys/alt_driver.h:53:36: note: in expansion of macro 'ALT_MODULE_CLASS_jtag_uart'
   53 | #define ALT_MODULE_CLASS(instance) ALT_MODULE_CLASS_ ## instance
      |                                    ^~~~~~~~~~~~~~~~~
./HAL/inc/sys/alt_driver.h:72:25: note: in expansion of macro 'ALT_MODULE_CLASS'
   72 |   ALT_DRIVER_FUNC_NAME1(ALT_MODULE_CLASS(instance), func)
      |                         ^~~~~~~~~~~~~~~~
./HAL/inc/sys/alt_driver.h:148:5: note: in expansion of macro 'ALT_DRIVER_FUNC_NAME'
  148 |     ALT_DRIVER_FUNC_NAME(instance, read)(&ALT_DRIVER_STATE(instance), buffer, len, flags)
      |     ^~~~~~~~~~~~~~~~~~~~
HAL/src/alt_getchar.c:62:9: note: in expansion of macro 'ALT_DRIVER_READ'
   62 |     if (ALT_DRIVER_READ(ALT_STDIN_DEV, &c, 1, alt_fd_list[STDIN_FILENO].fd_flags) <= 0) {
      |         ^~~~~~~~~~~~~~~
./system.h:223:36: note: by argument 2 of type 'const char *' to 'altera_avalon_jtag_uart_read' declared here
  223 | #define ALT_MODULE_CLASS_jtag_uart altera_avalon_jtag_uart
      |                                    ^~~~~~~~~~~~~~~~~~~~~~~
./HAL/inc/sys/alt_driver.h:76:3: note: in definition of macro 'ALT_DRIVER_FUNC_NAME2'
   76 |   module_class ## _ ## func
      |   ^~~~~~~~~~~~
./HAL/inc/sys/alt_driver.h:72:3: note: in expansion of macro 'ALT_DRIVER_FUNC_NAME1'
   72 |   ALT_DRIVER_FUNC_NAME1(ALT_MODULE_CLASS(instance), func)
      |   ^~~~~~~~~~~~~~~~~~~~~
./HAL/inc/sys/alt_driver.h:53:36: note: in expansion of macro 'ALT_MODULE_CLASS_jtag_uart'
   53 | #define ALT_MODULE_CLASS(instance) ALT_MODULE_CLASS_ ## instance
Compiling alt_gettod.c...
      |                                    ^~~~~~~~~~~~~~~~~
./HAL/inc/sys/alt_driver.h:72:25: note: in expansion of macro 'ALT_MODULE_CLASS'
nios2-elf-gcc -xc -MP -MMD -c  -I./HAL/inc -I. -I./drivers/inc -pipe -D__hal__ -DALT_USE_DIRECT_DRIVERS -DALT_NO_INSTRUCTION_EMULATION -DALT_SINGLE_THREADED    -O0 -g -Wall  -mno-hw-div -mno-hw-mul -mno-hw-mulx -mgpopt=global   -o obj/HAL/src/alt_gettod.o HAL/src/alt_gettod.c
   72 |   ALT_DRIVER_FUNC_NAME1(ALT_MODULE_CLASS(instance), func)
      |                         ^~~~~~~~~~~~~~~~
./HAL/inc/sys/alt_driver.h:144:16: note: in expansion of macro 'ALT_DRIVER_FUNC_NAME'
  144 |     extern int ALT_DRIVER_FUNC_NAME(instance, read)                         \
      |                ^~~~~~~~~~~~~~~~~~~~
HAL/src/alt_getchar.c:59:5: note: in expansion of macro 'ALT_DRIVER_READ_EXTERNS'
   59 |     ALT_DRIVER_READ_EXTERNS(ALT_STDIN_DEV);
      |     ^~~~~~~~~~~~~~~~~~~~~~~
HAL/src/alt_getchar.c:60:10: note: 'c' declared here
   60 |     char c;
      |          ^
Compiling alt_gmon.c...
nios2-elf-gcc -xc -MP -MMD -c  -I./HAL/inc -I. -I./drivers/inc -pipe -D__hal__ -DALT_USE_DIRECT_DRIVERS -DALT_NO_INSTRUCTION_EMULATION -DALT_SINGLE_THREADED    -O0 -g -Wall  -mno-hw-div -mno-hw-mul -mno-hw-mulx -mgpopt=global   -o obj/HAL/src/alt_gmon.o HAL/src/alt_gmon.c
Compiling alt_icache_flush.c...
nios2-elf-gcc -xc -MP -MMD -c  -I./HAL/inc -I. -I./drivers/inc -pipe -D__hal__ -DALT_USE_DIRECT_DRIVERS -DALT_NO_INSTRUCTION_EMULATION -DALT_SINGLE_THREADED    -O0 -g -Wall  -mno-hw-div -mno-hw-mul -mno-hw-mulx -mgpopt=global   -o obj/HAL/src/alt_icache_flush.o HAL/src/alt_icache_flush.c
Compiling alt_icache_flush_all.c...
nios2-elf-gcc -xc -MP -MMD -c  -I./HAL/inc -I. -I./drivers/inc -pipe -D__hal__ -DALT_USE_DIRECT_DRIVERS -DALT_NO_INSTRUCTION_EMULATION -DALT_SINGLE_THREADED    -O0 -g -Wall  -mno-hw-div -mno-hw-mul -mno-hw-mulx -mgpopt=global   -o obj/HAL/src/alt_icache_flush_all.o HAL/src/alt_icache_flush_all.c
Compiling alt_iic.c...
nios2-elf-gcc -xc -MP -MMD -c  -I./HAL/inc -I. -I./drivers/inc -pipe -D__hal__ -DALT_USE_DIRECT_DRIVERS -DALT_NO_INSTRUCTION_EMULATION -DALT_SINGLE_THREADED    -O0 -g -Wall  -mno-hw-div -mno-hw-mul -mno-hw-mulx -mgpopt=global   -o obj/HAL/src/alt_iic.o HAL/src/alt_iic.c
Compiling alt_iic_isr_register.c...
nios2-elf-gcc -xc -MP -MMD -c  -I./HAL/inc -I. -I./drivers/inc -pipe -D__hal__ -DALT_USE_DIRECT_DRIVERS -DALT_NO_INSTRUCTION_EMULATION -DALT_SINGLE_THREADED    -O0 -g -Wall  -mno-hw-div -mno-hw-mul -mno-hw-mulx -mgpopt=global   -o obj/HAL/src/alt_iic_isr_register.o HAL/src/alt_iic_isr_register.c
Compiling alt_instruction_exception_entry.c...
nios2-elf-gcc -xc -MP -MMD -c  -I./HAL/inc -I. -I./drivers/inc -pipe -D__hal__ -DALT_USE_DIRECT_DRIVERS -DALT_NO_INSTRUCTION_EMULATION -DALT_SINGLE_THREADED    -O0 -g -Wall  -mno-hw-div -mno-hw-mul -mno-hw-mulx -mgpopt=global   -o obj/HAL/src/alt_instruction_exception_entry.o HAL/src/alt_instruction_exception_entry.c
Compiling alt_instruction_exception_register.c...
nios2-elf-gcc -xc -MP -MMD -c  -I./HAL/inc -I. -I./drivers/inc -pipe -D__hal__ -DALT_USE_DIRECT_DRIVERS -DALT_NO_INSTRUCTION_EMULATION -DALT_SINGLE_THREADED    -O0 -g -Wall  -mno-hw-div -mno-hw-mul -mno-hw-mulx -mgpopt=global   -o obj/HAL/src/alt_instruction_exception_register.o HAL/src/alt_instruction_exception_register.c
Compiling alt_io_redirect.c...
nios2-elf-gcc -xc -MP -MMD -c  -I./HAL/inc -I. -I./drivers/inc -pipe -D__hal__ -DALT_USE_DIRECT_DRIVERS -DALT_NO_INSTRUCTION_EMULATION -DALT_SINGLE_THREADED    -O0 -g -Wall  -mno-hw-div -mno-hw-mul -mno-hw-mulx -mgpopt=global   -o obj/HAL/src/alt_io_redirect.o HAL/src/alt_io_redirect.c
Compiling alt_ioctl.c...
nios2-elf-gcc -xc -MP -MMD -c  -I./HAL/inc -I. -I./drivers/inc -pipe -D__hal__ -DALT_USE_DIRECT_DRIVERS -DALT_NO_INSTRUCTION_EMULATION -DALT_SINGLE_THREADED    -O0 -g -Wall  -mno-hw-div -mno-hw-mul -mno-hw-mulx -mgpopt=global   -o obj/HAL/src/alt_ioctl.o HAL/src/alt_ioctl.c
Compiling alt_irq_entry.S...
nios2-elf-gcc -MP -MMD -c   -O0 -g -Wall  -mno-hw-div -mno-hw-mul -mno-hw-mulx -mgpopt=global    -I./HAL/inc -I. -I./drivers/inc -pipe -D__hal__ -DALT_USE_DIRECT_DRIVERS -DALT_NO_INSTRUCTION_EMULATION -DALT_SINGLE_THREADED  -Wa,-gdwarf2  -o obj/HAL/src/alt_irq_entry.o HAL/src/alt_irq_entry.S
Compiling alt_irq_handler.c...
nios2-elf-gcc -xc -MP -MMD -c  -I./HAL/inc -I. -I./drivers/inc -pipe -D__hal__ -DALT_USE_DIRECT_DRIVERS -DALT_NO_INSTRUCTION_EMULATION -DALT_SINGLE_THREADED    -O0 -g -Wall  -mno-hw-div -mno-hw-mul -mno-hw-mulx -mgpopt=global   -o obj/HAL/src/alt_irq_handler.o HAL/src/alt_irq_handler.c
Compiling alt_irq_register.c...
nios2-elf-gcc -xc -MP -MMD -c  -I./HAL/inc -I. -I./drivers/inc -pipe -D__hal__ -DALT_USE_DIRECT_DRIVERS -DALT_NO_INSTRUCTION_EMULATION -DALT_SINGLE_THREADED    -O0 -g -Wall  -mno-hw-div -mno-hw-mul -mno-hw-mulx -mgpopt=global   -o obj/HAL/src/alt_irq_register.o HAL/src/alt_irq_register.c
Compiling alt_irq_vars.c...
nios2-elf-gcc -xc -MP -MMD -c  -I./HAL/inc -I. -I./drivers/inc -pipe -D__hal__ -DALT_USE_DIRECT_DRIVERS -DALT_NO_INSTRUCTION_EMULATION -DALT_SINGLE_THREADED    -O0 -g -Wall  -mno-hw-div -mno-hw-mul -mno-hw-mulx -mgpopt=global   -o obj/HAL/src/alt_irq_vars.o HAL/src/alt_irq_vars.c
Compiling alt_isatty.c...
nios2-elf-gcc -xc -MP -MMD -c  -I./HAL/inc -I. -I./drivers/inc -pipe -D__hal__ -DALT_USE_DIRECT_DRIVERS -DALT_NO_INSTRUCTION_EMULATION -DALT_SINGLE_THREADED    -O0 -g -Wall  -mno-hw-div -mno-hw-mul -mno-hw-mulx -mgpopt=global   -o obj/HAL/src/alt_isatty.o HAL/src/alt_isatty.c
Compiling alt_kill.c...
nios2-elf-gcc -xc -MP -MMD -c  -I./HAL/inc -I. -I./drivers/inc -pipe -D__hal__ -DALT_USE_DIRECT_DRIVERS -DALT_NO_INSTRUCTION_EMULATION -DALT_SINGLE_THREADED    -O0 -g -Wall  -mno-hw-div -mno-hw-mul -mno-hw-mulx -mgpopt=global   -o obj/HAL/src/alt_kill.o HAL/src/alt_kill.c
Compiling alt_link.c...
nios2-elf-gcc -xc -MP -MMD -c  -I./HAL/inc -I. -I./drivers/inc -pipe -D__hal__ -DALT_USE_DIRECT_DRIVERS -DALT_NO_INSTRUCTION_EMULATION -DALT_SINGLE_THREADED    -O0 -g -Wall  -mno-hw-div -mno-hw-mul -mno-hw-mulx -mgpopt=global   -o obj/HAL/src/alt_link.o HAL/src/alt_link.c
Compiling alt_load.c...
nios2-elf-gcc -xc -MP -MMD -c  -I./HAL/inc -I. -I./drivers/inc -pipe -D__hal__ -DALT_USE_DIRECT_DRIVERS -DALT_NO_INSTRUCTION_EMULATION -DALT_SINGLE_THREADED    -O0 -g -Wall  -mno-hw-div -mno-hw-mul -mno-hw-mulx -mgpopt=global   -o obj/HAL/src/alt_load.o HAL/src/alt_load.c
Compiling alt_log_macro.S...
nios2-elf-gcc -MP -MMD -c   -O0 -g -Wall  -mno-hw-div -mno-hw-mul -mno-hw-mulx -mgpopt=global    -I./HAL/inc -I. -I./drivers/inc -pipe -D__hal__ -DALT_USE_DIRECT_DRIVERS -DALT_NO_INSTRUCTION_EMULATION -DALT_SINGLE_THREADED  -Wa,-gdwarf2  -o obj/HAL/src/alt_log_macro.o HAL/src/alt_log_macro.S
Compiling alt_log_printf.c...
nios2-elf-gcc -xc -MP -MMD -c  -I./HAL/inc -I. -I./drivers/inc -pipe -D__hal__ -DALT_USE_DIRECT_DRIVERS -DALT_NO_INSTRUCTION_EMULATION -DALT_SINGLE_THREADED    -O0 -g -Wall  -mno-hw-div -mno-hw-mul -mno-hw-mulx -mgpopt=global   -o obj/HAL/src/alt_log_printf.o HAL/src/alt_log_printf.c
Compiling alt_lseek.c...
nios2-elf-gcc -xc -MP -MMD -c  -I./HAL/inc -I. -I./drivers/inc -pipe -D__hal__ -DALT_USE_DIRECT_DRIVERS -DALT_NO_INSTRUCTION_EMULATION -DALT_SINGLE_THREADED    -O0 -g -Wall  -mno-hw-div -mno-hw-mul -mno-hw-mulx -mgpopt=global   -o obj/HAL/src/alt_lseek.o HAL/src/alt_lseek.c
Compiling alt_main.c...
nios2-elf-gcc -xc -MP -MMD -c  -I./HAL/inc -I. -I./drivers/inc -pipe -D__hal__ -DALT_USE_DIRECT_DRIVERS -DALT_NO_INSTRUCTION_EMULATION -DALT_SINGLE_THREADED    -O0 -g -Wall  -mno-hw-div -mno-hw-mul -mno-hw-mulx -mgpopt=global   -o obj/HAL/src/alt_main.o HAL/src/alt_main.c
Compiling alt_malloc_lock.c...
nios2-elf-gcc -xc -MP -MMD -c  -I./HAL/inc -I. -I./drivers/inc -pipe -D__hal__ -DALT_USE_DIRECT_DRIVERS -DALT_NO_INSTRUCTION_EMULATION -DALT_SINGLE_THREADED    -O0 -g -Wall  -mno-hw-div -mno-hw-mul -mno-hw-mulx -mgpopt=global   -o obj/HAL/src/alt_malloc_lock.o HAL/src/alt_malloc_lock.c
Compiling alt_mcount.S...
nios2-elf-gcc -MP -MMD -c   -O0 -g -Wall  -mno-hw-div -mno-hw-mul -mno-hw-mulx -mgpopt=global    -I./HAL/inc -I. -I./drivers/inc -pipe -D__hal__ -DALT_USE_DIRECT_DRIVERS -DALT_NO_INSTRUCTION_EMULATION -DALT_SINGLE_THREADED  -Wa,-gdwarf2  -o obj/HAL/src/alt_mcount.o HAL/src/alt_mcount.S
Compiling alt_open.c...
nios2-elf-gcc -xc -MP -MMD -c  -I./HAL/inc -I. -I./drivers/inc -pipe -D__hal__ -DALT_USE_DIRECT_DRIVERS -DALT_NO_INSTRUCTION_EMULATION -DALT_SINGLE_THREADED    -O0 -g -Wall  -mno-hw-div -mno-hw-mul -mno-hw-mulx -mgpopt=global   -o obj/HAL/src/alt_open.o HAL/src/alt_open.c
Compiling alt_printf.c...
nios2-elf-gcc -xc -MP -MMD -c  -I./HAL/inc -I. -I./drivers/inc -pipe -D__hal__ -DALT_USE_DIRECT_DRIVERS -DALT_NO_INSTRUCTION_EMULATION -DALT_SINGLE_THREADED    -O0 -g -Wall  -mno-hw-div -mno-hw-mul -mno-hw-mulx -mgpopt=global   -o obj/HAL/src/alt_printf.o HAL/src/alt_printf.c
Compiling alt_putchar.c...
nios2-elf-gcc -xc -MP -MMD -c  -I./HAL/inc -I. -I./drivers/inc -pipe -D__hal__ -DALT_USE_DIRECT_DRIVERS -DALT_NO_INSTRUCTION_EMULATION -DALT_SINGLE_THREADED    -O0 -g -Wall  -mno-hw-div -mno-hw-mul -mno-hw-mulx -mgpopt=global   -o obj/HAL/src/alt_putchar.o HAL/src/alt_putchar.c
Compiling alt_putcharbuf.c...
nios2-elf-gcc -xc -MP -MMD -c  -I./HAL/inc -I. -I./drivers/inc -pipe -D__hal__ -DALT_USE_DIRECT_DRIVERS -DALT_NO_INSTRUCTION_EMULATION -DALT_SINGLE_THREADED    -O0 -g -Wall  -mno-hw-div -mno-hw-mul -mno-hw-mulx -mgpopt=global   -o obj/HAL/src/alt_putcharbuf.o HAL/src/alt_putcharbuf.c
Compiling alt_putstr.c...
nios2-elf-gcc -xc -MP -MMD -c  -I./HAL/inc -I. -I./drivers/inc -pipe -D__hal__ -DALT_USE_DIRECT_DRIVERS -DALT_NO_INSTRUCTION_EMULATION -DALT_SINGLE_THREADED    -O0 -g -Wall  -mno-hw-div -mno-hw-mul -mno-hw-mulx -mgpopt=global   -o obj/HAL/src/alt_putstr.o HAL/src/alt_putstr.c
Compiling alt_read.c...
nios2-elf-gcc -xc -MP -MMD -c  -I./HAL/inc -I. -I./drivers/inc -pipe -D__hal__ -DALT_USE_DIRECT_DRIVERS -DALT_NO_INSTRUCTION_EMULATION -DALT_SINGLE_THREADED    -O0 -g -Wall  -mno-hw-div -mno-hw-mul -mno-hw-mulx -mgpopt=global   -o obj/HAL/src/alt_read.o HAL/src/alt_read.c
Compiling alt_release_fd.c...
nios2-elf-gcc -xc -MP -MMD -c  -I./HAL/inc -I. -I./drivers/inc -pipe -D__hal__ -DALT_USE_DIRECT_DRIVERS -DALT_NO_INSTRUCTION_EMULATION -DALT_SINGLE_THREADED    -O0 -g -Wall  -mno-hw-div -mno-hw-mul -mno-hw-mulx -mgpopt=global   -o obj/HAL/src/alt_release_fd.o HAL/src/alt_release_fd.c
Compiling alt_remap_cached.c...
nios2-elf-gcc -xc -MP -MMD -c  -I./HAL/inc -I. -I./drivers/inc -pipe -D__hal__ -DALT_USE_DIRECT_DRIVERS -DALT_NO_INSTRUCTION_EMULATION -DALT_SINGLE_THREADED    -O0 -g -Wall  -mno-hw-div -mno-hw-mul -mno-hw-mulx -mgpopt=global   -o obj/HAL/src/alt_remap_cached.o HAL/src/alt_remap_cached.c
Compiling alt_remap_uncached.c...
nios2-elf-gcc -xc -MP -MMD -c  -I./HAL/inc -I. -I./drivers/inc -pipe -D__hal__ -DALT_USE_DIRECT_DRIVERS -DALT_NO_INSTRUCTION_EMULATION -DALT_SINGLE_THREADED    -O0 -g -Wall  -mno-hw-div -mno-hw-mul -mno-hw-mulx -mgpopt=global   -o obj/HAL/src/alt_remap_uncached.o HAL/src/alt_remap_uncached.c
Compiling alt_rename.c...
nios2-elf-gcc -xc -MP -MMD -c  -I./HAL/inc -I. -I./drivers/inc -pipe -D__hal__ -DALT_USE_DIRECT_DRIVERS -DALT_NO_INSTRUCTION_EMULATION -DALT_SINGLE_THREADED    -O0 -g -Wall  -mno-hw-div -mno-hw-mul -mno-hw-mulx -mgpopt=global   -o obj/HAL/src/alt_rename.o HAL/src/alt_rename.c
Compiling alt_sbrk.c...
nios2-elf-gcc -xc -MP -MMD -c  -I./HAL/inc -I. -I./drivers/inc -pipe -D__hal__ -DALT_USE_DIRECT_DRIVERS -DALT_NO_INSTRUCTION_EMULATION -DALT_SINGLE_THREADED    -O0 -g -Wall  -mno-hw-div -mno-hw-mul -mno-hw-mulx -mgpopt=global   -o obj/HAL/src/alt_sbrk.o HAL/src/alt_sbrk.c
Compiling alt_settod.c...
nios2-elf-gcc -xc -MP -MMD -c  -I./HAL/inc -I. -I./drivers/inc -pipe -D__hal__ -DALT_USE_DIRECT_DRIVERS -DALT_NO_INSTRUCTION_EMULATION -DALT_SINGLE_THREADED    -O0 -g -Wall  -mno-hw-div -mno-hw-mul -mno-hw-mulx -mgpopt=global   -o obj/HAL/src/alt_settod.o HAL/src/alt_settod.c
Compiling alt_software_exception.S...
nios2-elf-gcc -MP -MMD -c   -O0 -g -Wall  -mno-hw-div -mno-hw-mul -mno-hw-mulx -mgpopt=global    -I./HAL/inc -I. -I./drivers/inc -pipe -D__hal__ -DALT_USE_DIRECT_DRIVERS -DALT_NO_INSTRUCTION_EMULATION -DALT_SINGLE_THREADED  -Wa,-gdwarf2  -o obj/HAL/src/alt_software_exception.o HAL/src/alt_software_exception.S
Compiling alt_stat.c...
nios2-elf-gcc -xc -MP -MMD -c  -I./HAL/inc -I. -I./drivers/inc -pipe -D__hal__ -DALT_USE_DIRECT_DRIVERS -DALT_NO_INSTRUCTION_EMULATION -DALT_SINGLE_THREADED    -O0 -g -Wall  -mno-hw-div -mno-hw-mul -mno-hw-mulx -mgpopt=global   -o obj/HAL/src/alt_stat.o HAL/src/alt_stat.c
Compiling alt_tick.c...
nios2-elf-gcc -xc -MP -MMD -c  -I./HAL/inc -I. -I./drivers/inc -pipe -D__hal__ -DALT_USE_DIRECT_DRIVERS -DALT_NO_INSTRUCTION_EMULATION -DALT_SINGLE_THREADED    -O0 -g -Wall  -mno-hw-div -mno-hw-mul -mno-hw-mulx -mgpopt=global   -o obj/HAL/src/alt_tick.o HAL/src/alt_tick.c
Compiling alt_times.c...
nios2-elf-gcc -xc -MP -MMD -c  -I./HAL/inc -I. -I./drivers/inc -pipe -D__hal__ -DALT_USE_DIRECT_DRIVERS -DALT_NO_INSTRUCTION_EMULATION -DALT_SINGLE_THREADED    -O0 -g -Wall  -mno-hw-div -mno-hw-mul -mno-hw-mulx -mgpopt=global   -o obj/HAL/src/alt_times.o HAL/src/alt_times.c
Compiling alt_uncached_free.c...
nios2-elf-gcc -xc -MP -MMD -c  -I./HAL/inc -I. -I./drivers/inc -pipe -D__hal__ -DALT_USE_DIRECT_DRIVERS -DALT_NO_INSTRUCTION_EMULATION -DALT_SINGLE_THREADED    -O0 -g -Wall  -mno-hw-div -mno-hw-mul -mno-hw-mulx -mgpopt=global   -o obj/HAL/src/alt_uncached_free.o HAL/src/alt_uncached_free.c
Compiling alt_uncached_malloc.c...
nios2-elf-gcc -xc -MP -MMD -c  -I./HAL/inc -I. -I./drivers/inc -pipe -D__hal__ -DALT_USE_DIRECT_DRIVERS -DALT_NO_INSTRUCTION_EMULATION -DALT_SINGLE_THREADED    -O0 -g -Wall  -mno-hw-div -mno-hw-mul -mno-hw-mulx -mgpopt=global   -o obj/HAL/src/alt_uncached_malloc.o HAL/src/alt_uncached_malloc.c
Compiling alt_unlink.c...
nios2-elf-gcc -xc -MP -MMD -c  -I./HAL/inc -I. -I./drivers/inc -pipe -D__hal__ -DALT_USE_DIRECT_DRIVERS -DALT_NO_INSTRUCTION_EMULATION -DALT_SINGLE_THREADED    -O0 -g -Wall  -mno-hw-div -mno-hw-mul -mno-hw-mulx -mgpopt=global   -o obj/HAL/src/alt_unlink.o HAL/src/alt_unlink.c
Compiling alt_usleep.c...
nios2-elf-gcc -xc -MP -MMD -c  -I./HAL/inc -I. -I./drivers/inc -pipe -D__hal__ -DALT_USE_DIRECT_DRIVERS -DALT_NO_INSTRUCTION_EMULATION -DALT_SINGLE_THREADED    -O0 -g -Wall  -mno-hw-div -mno-hw-mul -mno-hw-mulx -mgpopt=global   -o obj/HAL/src/alt_usleep.o HAL/src/alt_usleep.c
Compiling alt_wait.c...
nios2-elf-gcc -xc -MP -MMD -c  -I./HAL/inc -I. -I./drivers/inc -pipe -D__hal__ -DALT_USE_DIRECT_DRIVERS -DALT_NO_INSTRUCTION_EMULATION -DALT_SINGLE_THREADED    -O0 -g -Wall  -mno-hw-div -mno-hw-mul -mno-hw-mulx -mgpopt=global   -o obj/HAL/src/alt_wait.o HAL/src/alt_wait.c
Compiling alt_write.c...
nios2-elf-gcc -xc -MP -MMD -c  -I./HAL/inc -I. -I./drivers/inc -pipe -D__hal__ -DALT_USE_DIRECT_DRIVERS -DALT_NO_INSTRUCTION_EMULATION -DALT_SINGLE_THREADED    -O0 -g -Wall  -mno-hw-div -mno-hw-mul -mno-hw-mulx -mgpopt=global   -o obj/HAL/src/alt_write.o HAL/src/alt_write.c
Compiling altera_nios2_gen2_irq.c...
nios2-elf-gcc -xc -MP -MMD -c  -I./HAL/inc -I. -I./drivers/inc -pipe -D__hal__ -DALT_USE_DIRECT_DRIVERS -DALT_NO_INSTRUCTION_EMULATION -DALT_SINGLE_THREADED    -O0 -g -Wall  -mno-hw-div -mno-hw-mul -mno-hw-mulx -mgpopt=global   -o obj/HAL/src/altera_nios2_gen2_irq.o HAL/src/altera_nios2_gen2_irq.c
Compiling crt0.S...
nios2-elf-gcc -MP -MMD -c   -O0 -g -Wall  -mno-hw-div -mno-hw-mul -mno-hw-mulx -mgpopt=global    -I./HAL/inc -I. -I./drivers/inc -pipe -D__hal__ -DALT_USE_DIRECT_DRIVERS -DALT_NO_INSTRUCTION_EMULATION -DALT_SINGLE_THREADED  -Wa,-gdwarf2  -o obj/HAL/src/crt0.o HAL/src/crt0.S
Compiling alt_sys_init.c...
nios2-elf-gcc -xc -MP -MMD -c  -I./HAL/inc -I. -I./drivers/inc -pipe -D__hal__ -DALT_USE_DIRECT_DRIVERS -DALT_NO_INSTRUCTION_EMULATION -DALT_SINGLE_THREADED    -O0 -g -Wall  -mno-hw-div -mno-hw-mul -mno-hw-mulx -mgpopt=global   -o obj/alt_sys_init.o alt_sys_init.c
Compiling altera_avalon_jtag_uart_fd.c...
nios2-elf-gcc -xc -MP -MMD -c  -I./HAL/inc -I. -I./drivers/inc -pipe -D__hal__ -DALT_USE_DIRECT_DRIVERS -DALT_NO_INSTRUCTION_EMULATION -DALT_SINGLE_THREADED    -O0 -g -Wall  -mno-hw-div -mno-hw-mul -mno-hw-mulx -mgpopt=global   -o obj/drivers/src/altera_avalon_jtag_uart_fd.o drivers/src/altera_avalon_jtag_uart_fd.c
Compiling altera_avalon_jtag_uart_init.c...
nios2-elf-gcc -xc -MP -MMD -c  -I./HAL/inc -I. -I./drivers/inc -pipe -D__hal__ -DALT_USE_DIRECT_DRIVERS -DALT_NO_INSTRUCTION_EMULATION -DALT_SINGLE_THREADED    -O0 -g -Wall  -mno-hw-div -mno-hw-mul -mno-hw-mulx -mgpopt=global   -o obj/drivers/src/altera_avalon_jtag_uart_init.o drivers/src/altera_avalon_jtag_uart_init.c
Compiling altera_avalon_jtag_uart_ioctl.c...
nios2-elf-gcc -xc -MP -MMD -c  -I./HAL/inc -I. -I./drivers/inc -pipe -D__hal__ -DALT_USE_DIRECT_DRIVERS -DALT_NO_INSTRUCTION_EMULATION -DALT_SINGLE_THREADED    -O0 -g -Wall  -mno-hw-div -mno-hw-mul -mno-hw-mulx -mgpopt=global   -o obj/drivers/src/altera_avalon_jtag_uart_ioctl.o drivers/src/altera_avalon_jtag_uart_ioctl.c
Compiling altera_avalon_jtag_uart_read.c...
nios2-elf-gcc -xc -MP -MMD -c  -I./HAL/inc -I. -I./drivers/inc -pipe -D__hal__ -DALT_USE_DIRECT_DRIVERS -DALT_NO_INSTRUCTION_EMULATION -DALT_SINGLE_THREADED    -O0 -g -Wall  -mno-hw-div -mno-hw-mul -mno-hw-mulx -mgpopt=global   -o obj/drivers/src/altera_avalon_jtag_uart_read.o drivers/src/altera_avalon_jtag_uart_read.c
Compiling altera_avalon_jtag_uart_write.c...
nios2-elf-gcc -xc -MP -MMD -c  -I./HAL/inc -I. -I./drivers/inc -pipe -D__hal__ -DALT_USE_DIRECT_DRIVERS -DALT_NO_INSTRUCTION_EMULATION -DALT_SINGLE_THREADED    -O0 -g -Wall  -mno-hw-div -mno-hw-mul -mno-hw-mulx -mgpopt=global   -o obj/drivers/src/altera_avalon_jtag_uart_write.o drivers/src/altera_avalon_jtag_uart_write.c
Compiling altera_avalon_sysid_qsys.c...
nios2-elf-gcc -xc -MP -MMD -c  -I./HAL/inc -I. -I./drivers/inc -pipe -D__hal__ -DALT_USE_DIRECT_DRIVERS -DALT_NO_INSTRUCTION_EMULATION -DALT_SINGLE_THREADED    -O0 -g -Wall  -mno-hw-div -mno-hw-mul -mno-hw-mulx -mgpopt=global   -o obj/drivers/src/altera_avalon_sysid_qsys.o drivers/src/altera_avalon_sysid_qsys.c
Compiling altera_avalon_timer_sc.c...
nios2-elf-gcc -xc -MP -MMD -c  -I./HAL/inc -I. -I./drivers/inc -pipe -D__hal__ -DALT_USE_DIRECT_DRIVERS -DALT_NO_INSTRUCTION_EMULATION -DALT_SINGLE_THREADED    -O0 -g -Wall  -mno-hw-div -mno-hw-mul -mno-hw-mulx -mgpopt=global   -o obj/drivers/src/altera_avalon_timer_sc.o drivers/src/altera_avalon_timer_sc.c
Compiling altera_avalon_timer_ts.c...
nios2-elf-gcc -xc -MP -MMD -c  -I./HAL/inc -I. -I./drivers/inc -pipe -D__hal__ -DALT_USE_DIRECT_DRIVERS -DALT_NO_INSTRUCTION_EMULATION -DALT_SINGLE_THREADED    -O0 -g -Wall  -mno-hw-div -mno-hw-mul -mno-hw-mulx -mgpopt=global   -o obj/drivers/src/altera_avalon_timer_ts.o drivers/src/altera_avalon_timer_ts.c
Compiling altera_avalon_timer_vars.c...
nios2-elf-gcc -xc -MP -MMD -c  -I./HAL/inc -I. -I./drivers/inc -pipe -D__hal__ -DALT_USE_DIRECT_DRIVERS -DALT_NO_INSTRUCTION_EMULATION -DALT_SINGLE_THREADED    -O0 -g -Wall  -mno-hw-div -mno-hw-mul -mno-hw-mulx -mgpopt=global   -o obj/drivers/src/altera_avalon_timer_vars.o drivers/src/altera_avalon_timer_vars.c
Creating libhal_bsp.a...
rm -f -f libhal_bsp.a
nios2-elf-ar -src libhal_bsp.a obj/HAL/src/alt_alarm_start.o obj/HAL/src/alt_busy_sleep.o obj/HAL/src/alt_close.o obj/HAL/src/alt_dcache_flush.o obj/HAL/src/alt_dcache_flush_all.o obj/HAL/src/alt_dcache_flush_no_writeback.o obj/HAL/src/alt_dev.o obj/HAL/src/alt_dev_llist_insert.o obj/HAL/src/alt_dma_rxchan_open.o obj/HAL/src/alt_dma_txchan_open.o obj/HAL/src/alt_do_ctors.o obj/HAL/src/alt_do_dtors.o obj/HAL/src/alt_ecc_fatal_entry.o obj/HAL/src/alt_ecc_fatal_exception.o obj/HAL/src/alt_env_lock.o obj/HAL/src/alt_environ.o obj/HAL/src/alt_errno.o obj/HAL/src/alt_exception_entry.o obj/HAL/src/alt_exception_muldiv.o obj/HAL/src/alt_exception_trap.o obj/HAL/src/alt_execve.o obj/HAL/src/alt_exit.o obj/HAL/src/alt_fcntl.o obj/HAL/src/alt_fd_lock.o obj/HAL/src/alt_fd_unlock.o obj/HAL/src/alt_find_dev.o obj/HAL/src/alt_find_file.o obj/HAL/src/alt_flash_dev.o obj/HAL/src/alt_fork.o obj/HAL/src/alt_fs_reg.o obj/HAL/src/alt_fstat.o obj/HAL/src/alt_get_fd.o obj/HAL/src/alt_getchar.o obj/HAL/src/alt_getpid.o obj/HAL/src/alt_gettod.o obj/HAL/src/alt_gmon.o obj/HAL/src/alt_icache_flush.o obj/HAL/src/alt_icache_flush_all.o obj/HAL/src/alt_iic.o obj/HAL/src/alt_iic_isr_register.o obj/HAL/src/alt_instruction_exception_entry.o obj/HAL/src/alt_instruction_exception_register.o obj/HAL/src/alt_io_redirect.o obj/HAL/src/alt_ioctl.o obj/HAL/src/alt_irq_entry.o obj/HAL/src/alt_irq_handler.o obj/HAL/src/alt_irq_register.o obj/HAL/src/alt_irq_vars.o obj/HAL/src/alt_isatty.o obj/HAL/src/alt_kill.o obj/HAL/src/alt_link.o obj/HAL/src/alt_load.o obj/HAL/src/alt_log_macro.o obj/HAL/src/alt_log_printf.o obj/HAL/src/alt_lseek.o obj/HAL/src/alt_main.o obj/HAL/src/alt_malloc_lock.o obj/HAL/src/alt_mcount.o obj/HAL/src/alt_open.o obj/HAL/src/alt_printf.o obj/HAL/src/alt_putchar.o obj/HAL/src/alt_putcharbuf.o obj/HAL/src/alt_putstr.o obj/HAL/src/alt_read.o obj/HAL/src/alt_release_fd.o obj/HAL/src/alt_remap_cached.o obj/HAL/src/alt_remap_uncached.o obj/HAL/src/alt_rename.o obj/HAL/src/alt_sbrk.o obj/HAL/src/alt_settod.o obj/HAL/src/alt_software_exception.o obj/HAL/src/alt_stat.o obj/HAL/src/alt_tick.o obj/HAL/src/alt_times.o obj/HAL/src/alt_uncached_free.o obj/HAL/src/alt_uncached_malloc.o obj/HAL/src/alt_unlink.o obj/HAL/src/alt_usleep.o obj/HAL/src/alt_wait.o obj/HAL/src/alt_write.o obj/HAL/src/altera_nios2_gen2_irq.o obj/HAL/src/crt0.o obj/alt_sys_init.o obj/drivers/src/altera_avalon_jtag_uart_fd.o obj/drivers/src/altera_avalon_jtag_uart_init.o obj/drivers/src/altera_avalon_jtag_uart_ioctl.o obj/drivers/src/altera_avalon_jtag_uart_read.o obj/drivers/src/altera_avalon_jtag_uart_write.o obj/drivers/src/altera_avalon_sysid_qsys.o obj/drivers/src/altera_avalon_timer_sc.o obj/drivers/src/altera_avalon_timer_ts.o obj/drivers/src/altera_avalon_timer_vars.o
[BSP build complete]
Info: Compiling main.c to obj/default/main.o
nios2-elf-gcc -xc -MP -MMD -c -I../nios_led3_bsp//HAL/inc -I../nios_led3_bsp/ -I../nios_led3_bsp//drivers/inc -pipe -D__hal__ -DALT_USE_DIRECT_DRIVERS -DALT_NO_INSTRUCTION_EMULATION -DALT_SINGLE_THREADED    -O0 -g -Wall  -mno-hw-div -mno-hw-mul -mno-hw-mulx -mgpopt=global  -o "obj/default/main.o" "main.c"
main.c: In function 'fIashsys_init_v2':
main.c:34:9: warning: implicit declaration of function 'btn_clear' [-Wimplicit-function-declaration]
   34 |         btn_clear(btn_base); // clear button edge-capture reg
      |         ^~~~~~~~~
main.c: At top level:
main.c:61:37: error: unknown type name 'cmd'
   61 | void led_flash_v2(alt_u32 led_base, cmd.type cmd){
      |                                     ^~~
main.c: In function 'main':
main.c:77:9: warning: implicit declaration of function 'flashsys_init_v2'; did you mean 'fIashsys_init_v2'? [-Wimplicit-function-declaration]
   77 |         flashsys_init_v2(BTN_BASE);
      |         ^~~~~~~~~~~~~~~~
      |         fIashsys_init_v2
main.c:79:17: warning: implicit declaration of function 'sw_get_command_vl' [-Wimplicit-function-declaration]
   79 |                 sw_get_command_vl(BTN_BASE, SWITCH_BASE ,&sw_cmd);
      |                 ^~~~~~~~~~~~~~~~~
main.c:81:17: warning: implicit declaration of function 'sseg_disp_msg_vl' [-Wimplicit-function-declaration]
   81 |                 sseg_disp_msg_vl(SSEG_BASE, sw_cmd);
      |                 ^~~~~~~~~~~~~~~~
main.c:82:17: warning: implicit declaration of function 'led_flash_v2' [-Wimplicit-function-declaration]
   82 |                 led_flash_v2(LEDG_BASE,sw_cmd);
      |                 ^~~~~~~~~~~~
main.c:82:30: error: 'LEDG_BASE' undeclared (first use in this function); did you mean 'LEDR_BASE'?
   82 |                 led_flash_v2(LEDG_BASE,sw_cmd);
      |                              ^~~~~~~~~
      |                              LEDR_BASE
main.c:82:30: note: each undeclared identifier is reported only once for each function it appears in
make: *** [Makefile:725: obj/default/main.o] Error 1
13:36:35 **** Build of configuration Nios II for project nios_led3 ****
make all 
Info: Building ../nios_led3_bsp/
make --no-print-directory -C ../nios_led3_bsp/
[BSP build complete]
Info: Compiling main.c to obj/default/main.o
nios2-elf-gcc -xc -MP -MMD -c -I../nios_led3_bsp//HAL/inc -I../nios_led3_bsp/ -I../nios_led3_bsp//drivers/inc -pipe -D__hal__ -DALT_USE_DIRECT_DRIVERS -DALT_NO_INSTRUCTION_EMULATION -DALT_SINGLE_THREADED    -O0 -g -Wall  -mno-hw-div -mno-hw-mul -mno-hw-mulx -mgpopt=global  -o "obj/default/main.o" "main.c"
main.c: In function 'fIashsys_init_v2':
main.c:34:9: warning: implicit declaration of function 'btn_clear' [-Wimplicit-function-declaration]
   34 |         btn_clear(btn_base); // clear button edge-capture reg
      |         ^~~~~~~~~
main.c: At top level:
main.c:61:37: error: unknown type name 'cmd'
   61 | void led_flash_v2(alt_u32 led_base, cmd.type cmd){
      |                                     ^~~
main.c: In function 'main':
main.c:77:9: warning: implicit declaration of function 'flashsys_init_v2'; did you mean 'fIashsys_init_v2'? [-Wimplicit-function-declaration]
   77 |         flashsys_init_v2(BTN_BASE);
      |         ^~~~~~~~~~~~~~~~
      |         fIashsys_init_v2
main.c:79:17: warning: implicit declaration of function 'sw_get_command_vl' [-Wimplicit-function-declaration]
   79 |                 sw_get_command_vl(BTN_BASE, SWITCH_BASE ,&sw_cmd);
      |                 ^~~~~~~~~~~~~~~~~
main.c:81:17: warning: implicit declaration of function 'sseg_disp_msg_vl' [-Wimplicit-function-declaration]
   81 |                 sseg_disp_msg_vl(SSEG_BASE, sw_cmd);
      |                 ^~~~~~~~~~~~~~~~
main.c:82:17: warning: implicit declaration of function 'led_flash_v2' [-Wimplicit-function-declaration]
   82 |                 led_flash_v2(LEDR_BASE,sw_cmd);
      |                 ^~~~~~~~~~~~
make: *** [Makefile:725: obj/default/main.o] Error 1
13:37:13 **** Build of configuration Nios II for project nios_led3 ****
make all 
Info: Building ../nios_led3_bsp/
make --no-print-directory -C ../nios_led3_bsp/
[BSP build complete]
Info: Compiling main.c to obj/default/main.o
nios2-elf-gcc -xc -MP -MMD -c -I../nios_led3_bsp//HAL/inc -I../nios_led3_bsp/ -I../nios_led3_bsp//drivers/inc -pipe -D__hal__ -DALT_USE_DIRECT_DRIVERS -DALT_NO_INSTRUCTION_EMULATION -DALT_SINGLE_THREADED    -O0 -g -Wall  -mno-hw-div -mno-hw-mul -mno-hw-mulx -mgpopt=global  -o "obj/default/main.o" "main.c"
main.c: In function 'fIashsys_init_v2':
main.c:34:9: warning: implicit declaration of function 'btn_clear' [-Wimplicit-function-declaration]
   34 |         btn_clear(btn_base); // clear button edge-capture reg
      |         ^~~~~~~~~
main.c: In function 'led_flash_v2':
main.c:66:9: warning: implicit declaration of function 'pio_write'; did you mean 'pwrite'? [-Wimplicit-function-declaration]
   66 |         pio_write(led_base , led_pattern) ; // write LEDs
      |         ^~~~~~~~~
      |         pwrite
main.c: In function 'main':
main.c:77:9: warning: implicit declaration of function 'flashsys_init_v2'; did you mean 'fIashsys_init_v2'? [-Wimplicit-function-declaration]
   77 |         flashsys_init_v2(BTN_BASE);
      |         ^~~~~~~~~~~~~~~~
      |         fIashsys_init_v2
main.c:79:17: warning: implicit declaration of function 'sw_get_command_vl' [-Wimplicit-function-declaration]
   79 |                 sw_get_command_vl(BTN_BASE, SWITCH_BASE ,&sw_cmd);
      |                 ^~~~~~~~~~~~~~~~~
main.c:81:17: warning: implicit declaration of function 'sseg_disp_msg_vl' [-Wimplicit-function-declaration]
   81 |                 sseg_disp_msg_vl(SSEG_BASE, sw_cmd);
      |                 ^~~~~~~~~~~~~~~~
Info: Linking nios_led3.elf
nios2-elf-g++ -T'../nios_led3_bsp//linker.x' -msys-crt0='../nios_led3_bsp//obj/HAL/src/crt0.o' -msys-lib=hal_bsp -L../nios_led3_bsp/   -Wl,-Map=nios_led3.map   -O0 -g -Wall  -mno-hw-div -mno-hw-mul -mno-hw-mulx -mgpopt=global  -o nios_led3.elf obj/default/main.o -lm -msys-lib=m
/home/danielcrovo/intelFPGA_lite/21.1/nios2eds/bin/gnu/H-x86_64-pc-linux-gnu/bin/../lib/gcc/nios2-elf/11.2.1/../../../../../H-x86_64-pc-linux-gnu/nios2-elf/bin/ld: /home/danielcrovo/intelFPGA_lite/21.1/nios2eds/bin/gnu/H-x86_64-pc-linux-gnu/bin/../lib/gcc/nios2-elf/11.2.1/../../../../../H-x86_64-pc-linux-gnu/nios2-elf/lib/mno-hw-mul/libc.a(closer.o): in function `_close_r':
/build/arc/temp/1089618295/ACDS_lwr/ip/sopc/app/gnu/BUILD/gnu/build-newlib.nios2-elf.x86_64-pc-linux-gnu/nios2-elf/mno-hw-mul/newlib/libc/reent/../../../../../../src/newlib-4.1.0/newlib/libc/reent/closer.c:47: warning: warning: close is not implemented and will always fail
/home/danielcrovo/intelFPGA_lite/21.1/nios2eds/bin/gnu/H-x86_64-pc-linux-gnu/bin/../lib/gcc/nios2-elf/11.2.1/../../../../../H-x86_64-pc-linux-gnu/nios2-elf/bin/ld: /home/danielcrovo/intelFPGA_lite/21.1/nios2eds/bin/gnu/H-x86_64-pc-linux-gnu/bin/../lib/gcc/nios2-elf/11.2.1/../../../../../H-x86_64-pc-linux-gnu/nios2-elf/lib/mno-hw-mul/libc.a(lib_a-lseekr.o): in function `_lseek_r':
/build/arc/temp/1089618295/ACDS_lwr/ip/sopc/app/gnu/BUILD/gnu/build-newlib.nios2-elf.x86_64-pc-linux-gnu/nios2-elf/mno-hw-mul/newlib/libc/reent/../../../../../../src/newlib-4.1.0/newlib/libc/reent/lseekr.c:49: warning: warning: lseek is not implemented and will always fail
/home/danielcrovo/intelFPGA_lite/21.1/nios2eds/bin/gnu/H-x86_64-pc-linux-gnu/bin/../lib/gcc/nios2-elf/11.2.1/../../../../../H-x86_64-pc-linux-gnu/nios2-elf/bin/ld: obj/default/main.o: in function `fIashsys_init_v2':
/home/danielcrovo/Documents/Daniel/01.Study/01.MScEE/02.Semester2/SoC/Lab5_SoC/software/nios_led3/main.c:34: undefined reference to `btn_clear'
/home/danielcrovo/intelFPGA_lite/21.1/nios2eds/bin/gnu/H-x86_64-pc-linux-gnu/bin/../lib/gcc/nios2-elf/11.2.1/../../../../../H-x86_64-pc-linux-gnu/nios2-elf/bin/ld: obj/default/main.o: in function `led_flash_v2':
/home/danielcrovo/Documents/Daniel/01.Study/01.MScEE/02.Semester2/SoC/Lab5_SoC/software/nios_led3/main.c:66: undefined reference to `pio_write'
/home/danielcrovo/intelFPGA_lite/21.1/nios2eds/bin/gnu/H-x86_64-pc-linux-gnu/bin/../lib/gcc/nios2-elf/11.2.1/../../../../../H-x86_64-pc-linux-gnu/nios2-elf/bin/ld: obj/default/main.o: in function `main':
/home/danielcrovo/Documents/Daniel/01.Study/01.MScEE/02.Semester2/SoC/Lab5_SoC/software/nios_led3/main.c:77: undefined reference to `flashsys_init_v2'
/home/danielcrovo/intelFPGA_lite/21.1/nios2eds/bin/gnu/H-x86_64-pc-linux-gnu/bin/../lib/gcc/nios2-elf/11.2.1/../../../../../H-x86_64-pc-linux-gnu/nios2-elf/bin/ld: /home/danielcrovo/Documents/Daniel/01.Study/01.MScEE/02.Semester2/SoC/Lab5_SoC/software/nios_led3/main.c:79: undefined reference to `sw_get_command_vl'
/home/danielcrovo/intelFPGA_lite/21.1/nios2eds/bin/gnu/H-x86_64-pc-linux-gnu/bin/../lib/gcc/nios2-elf/11.2.1/../../../../../H-x86_64-pc-linux-gnu/nios2-elf/bin/ld: /home/danielcrovo/Documents/Daniel/01.Study/01.MScEE/02.Semester2/SoC/Lab5_SoC/software/nios_led3/main.c:81: undefined reference to `sseg_disp_msg_vl'
collect2: error: ld returned 1 exit status
make: *** [Makefile:1015: nios_led3.elf] Error 1
13:43:02 **** Build of configuration Nios II for project nios_led3 ****
make all 
Info: Building ../nios_led3_bsp/
make --no-print-directory -C ../nios_led3_bsp/
[BSP build complete]
Info: Linking nios_led3.elf
nios2-elf-g++ -T'../nios_led3_bsp//linker.x' -msys-crt0='../nios_led3_bsp//obj/HAL/src/crt0.o' -msys-lib=hal_bsp -L../nios_led3_bsp/   -Wl,-Map=nios_led3.map   -O0 -g -Wall  -mno-hw-div -mno-hw-mul -mno-hw-mulx -mgpopt=global  -o nios_led3.elf obj/default/main.o -lm -msys-lib=m
/home/danielcrovo/intelFPGA_lite/21.1/nios2eds/bin/gnu/H-x86_64-pc-linux-gnu/bin/../lib/gcc/nios2-elf/11.2.1/../../../../../H-x86_64-pc-linux-gnu/nios2-elf/bin/ld: /home/danielcrovo/intelFPGA_lite/21.1/nios2eds/bin/gnu/H-x86_64-pc-linux-gnu/bin/../lib/gcc/nios2-elf/11.2.1/../../../../../H-x86_64-pc-linux-gnu/nios2-elf/lib/mno-hw-mul/libc.a(closer.o): in function `_close_r':
/build/arc/temp/1089618295/ACDS_lwr/ip/sopc/app/gnu/BUILD/gnu/build-newlib.nios2-elf.x86_64-pc-linux-gnu/nios2-elf/mno-hw-mul/newlib/libc/reent/../../../../../../src/newlib-4.1.0/newlib/libc/reent/closer.c:47: warning: warning: close is not implemented and will always fail
/home/danielcrovo/intelFPGA_lite/21.1/nios2eds/bin/gnu/H-x86_64-pc-linux-gnu/bin/../lib/gcc/nios2-elf/11.2.1/../../../../../H-x86_64-pc-linux-gnu/nios2-elf/bin/ld: /home/danielcrovo/intelFPGA_lite/21.1/nios2eds/bin/gnu/H-x86_64-pc-linux-gnu/bin/../lib/gcc/nios2-elf/11.2.1/../../../../../H-x86_64-pc-linux-gnu/nios2-elf/lib/mno-hw-mul/libc.a(lib_a-lseekr.o): in function `_lseek_r':
/build/arc/temp/1089618295/ACDS_lwr/ip/sopc/app/gnu/BUILD/gnu/build-newlib.nios2-elf.x86_64-pc-linux-gnu/nios2-elf/mno-hw-mul/newlib/libc/reent/../../../../../../src/newlib-4.1.0/newlib/libc/reent/lseekr.c:49: warning: warning: lseek is not implemented and will always fail
/home/danielcrovo/intelFPGA_lite/21.1/nios2eds/bin/gnu/H-x86_64-pc-linux-gnu/bin/../lib/gcc/nios2-elf/11.2.1/../../../../../H-x86_64-pc-linux-gnu/nios2-elf/bin/ld: obj/default/main.o: in function `fIashsys_init_v2':
/home/danielcrovo/Documents/Daniel/01.Study/01.MScEE/02.Semester2/SoC/Lab5_SoC/software/nios_led3/main.c:34: undefined reference to `btn_clear'
/home/danielcrovo/intelFPGA_lite/21.1/nios2eds/bin/gnu/H-x86_64-pc-linux-gnu/bin/../lib/gcc/nios2-elf/11.2.1/../../../../../H-x86_64-pc-linux-gnu/nios2-elf/bin/ld: obj/default/main.o: in function `led_flash_v2':
/home/danielcrovo/Documents/Daniel/01.Study/01.MScEE/02.Semester2/SoC/Lab5_SoC/software/nios_led3/main.c:66: undefined reference to `pio_write'
/home/danielcrovo/intelFPGA_lite/21.1/nios2eds/bin/gnu/H-x86_64-pc-linux-gnu/bin/../lib/gcc/nios2-elf/11.2.1/../../../../../H-x86_64-pc-linux-gnu/nios2-elf/bin/ld: obj/default/main.o: in function `main':
/home/danielcrovo/Documents/Daniel/01.Study/01.MScEE/02.Semester2/SoC/Lab5_SoC/software/nios_led3/main.c:77: undefined reference to `flashsys_init_v2'
/home/danielcrovo/intelFPGA_lite/21.1/nios2eds/bin/gnu/H-x86_64-pc-linux-gnu/bin/../lib/gcc/nios2-elf/11.2.1/../../../../../H-x86_64-pc-linux-gnu/nios2-elf/bin/ld: /home/danielcrovo/Documents/Daniel/01.Study/01.MScEE/02.Semester2/SoC/Lab5_SoC/software/nios_led3/main.c:79: undefined reference to `sw_get_command_vl'
/home/danielcrovo/intelFPGA_lite/21.1/nios2eds/bin/gnu/H-x86_64-pc-linux-gnu/bin/../lib/gcc/nios2-elf/11.2.1/../../../../../H-x86_64-pc-linux-gnu/nios2-elf/bin/ld: /home/danielcrovo/Documents/Daniel/01.Study/01.MScEE/02.Semester2/SoC/Lab5_SoC/software/nios_led3/main.c:81: undefined reference to `sseg_disp_msg_vl'
collect2: error: ld returned 1 exit status
make: *** [Makefile:1015: nios_led3.elf] Error 1
13:43:42 **** Build of configuration Nios II for project nios_led3 ****
make all 
Info: Building ../nios_led3_bsp/
make --no-print-directory -C ../nios_led3_bsp/
[BSP build complete]
Info: Linking nios_led3.elf
nios2-elf-g++ -T'../nios_led3_bsp//linker.x' -msys-crt0='../nios_led3_bsp//obj/HAL/src/crt0.o' -msys-lib=hal_bsp -L../nios_led3_bsp/   -Wl,-Map=nios_led3.map   -O0 -g -Wall  -mno-hw-div -mno-hw-mul -mno-hw-mulx -mgpopt=global  -o nios_led3.elf obj/default/main.o -lm -msys-lib=m
/home/danielcrovo/intelFPGA_lite/21.1/nios2eds/bin/gnu/H-x86_64-pc-linux-gnu/bin/../lib/gcc/nios2-elf/11.2.1/../../../../../H-x86_64-pc-linux-gnu/nios2-elf/bin/ld: /home/danielcrovo/intelFPGA_lite/21.1/nios2eds/bin/gnu/H-x86_64-pc-linux-gnu/bin/../lib/gcc/nios2-elf/11.2.1/../../../../../H-x86_64-pc-linux-gnu/nios2-elf/lib/mno-hw-mul/libc.a(closer.o): in function `_close_r':
/build/arc/temp/1089618295/ACDS_lwr/ip/sopc/app/gnu/BUILD/gnu/build-newlib.nios2-elf.x86_64-pc-linux-gnu/nios2-elf/mno-hw-mul/newlib/libc/reent/../../../../../../src/newlib-4.1.0/newlib/libc/reent/closer.c:47: warning: warning: close is not implemented and will always fail
/home/danielcrovo/intelFPGA_lite/21.1/nios2eds/bin/gnu/H-x86_64-pc-linux-gnu/bin/../lib/gcc/nios2-elf/11.2.1/../../../../../H-x86_64-pc-linux-gnu/nios2-elf/bin/ld: /home/danielcrovo/intelFPGA_lite/21.1/nios2eds/bin/gnu/H-x86_64-pc-linux-gnu/bin/../lib/gcc/nios2-elf/11.2.1/../../../../../H-x86_64-pc-linux-gnu/nios2-elf/lib/mno-hw-mul/libc.a(lib_a-lseekr.o): in function `_lseek_r':
/build/arc/temp/1089618295/ACDS_lwr/ip/sopc/app/gnu/BUILD/gnu/build-newlib.nios2-elf.x86_64-pc-linux-gnu/nios2-elf/mno-hw-mul/newlib/libc/reent/../../../../../../src/newlib-4.1.0/newlib/libc/reent/lseekr.c:49: warning: warning: lseek is not implemented and will always fail
/home/danielcrovo/intelFPGA_lite/21.1/nios2eds/bin/gnu/H-x86_64-pc-linux-gnu/bin/../lib/gcc/nios2-elf/11.2.1/../../../../../H-x86_64-pc-linux-gnu/nios2-elf/bin/ld: obj/default/main.o: in function `fIashsys_init_v2':
/home/danielcrovo/Documents/Daniel/01.Study/01.MScEE/02.Semester2/SoC/Lab5_SoC/software/nios_led3/main.c:34: undefined reference to `btn_clear'
/home/danielcrovo/intelFPGA_lite/21.1/nios2eds/bin/gnu/H-x86_64-pc-linux-gnu/bin/../lib/gcc/nios2-elf/11.2.1/../../../../../H-x86_64-pc-linux-gnu/nios2-elf/bin/ld: obj/default/main.o: in function `led_flash_v2':
/home/danielcrovo/Documents/Daniel/01.Study/01.MScEE/02.Semester2/SoC/Lab5_SoC/software/nios_led3/main.c:66: undefined reference to `pio_write'
/home/danielcrovo/intelFPGA_lite/21.1/nios2eds/bin/gnu/H-x86_64-pc-linux-gnu/bin/../lib/gcc/nios2-elf/11.2.1/../../../../../H-x86_64-pc-linux-gnu/nios2-elf/bin/ld: obj/default/main.o: in function `main':
/home/danielcrovo/Documents/Daniel/01.Study/01.MScEE/02.Semester2/SoC/Lab5_SoC/software/nios_led3/main.c:77: undefined reference to `flashsys_init_v2'
/home/danielcrovo/intelFPGA_lite/21.1/nios2eds/bin/gnu/H-x86_64-pc-linux-gnu/bin/../lib/gcc/nios2-elf/11.2.1/../../../../../H-x86_64-pc-linux-gnu/nios2-elf/bin/ld: /home/danielcrovo/Documents/Daniel/01.Study/01.MScEE/02.Semester2/SoC/Lab5_SoC/software/nios_led3/main.c:79: undefined reference to `sw_get_command_vl'
/home/danielcrovo/intelFPGA_lite/21.1/nios2eds/bin/gnu/H-x86_64-pc-linux-gnu/bin/../lib/gcc/nios2-elf/11.2.1/../../../../../H-x86_64-pc-linux-gnu/nios2-elf/bin/ld: /home/danielcrovo/Documents/Daniel/01.Study/01.MScEE/02.Semester2/SoC/Lab5_SoC/software/nios_led3/main.c:81: undefined reference to `sseg_disp_msg_vl'
collect2: error: ld returned 1 exit status
make: *** [Makefile:1015: nios_led3.elf] Error 1
13:44:35 **** Build of configuration Nios II for project nios_led3 ****
make all 
Info: Building ../nios_led3_bsp/
make --no-print-directory -C ../nios_led3_bsp/
[BSP build complete]
Info: Compiling main.c to obj/default/main.o
nios2-elf-gcc -xc -MP -MMD -c -I../nios_led3_bsp//HAL/inc -I../nios_led3_bsp/ -I../nios_led3_bsp//drivers/inc -pipe -D__hal__ -DALT_USE_DIRECT_DRIVERS -DALT_NO_INSTRUCTION_EMULATION -DALT_SINGLE_THREADED    -O0 -g -Wall  -mno-hw-div -mno-hw-mul -mno-hw-mulx -mgpopt=global  -o "obj/default/main.o" "main.c"
main.c: In function 'fIashsys_init_v2':
main.c:34:9: warning: implicit declaration of function 'btn_clear' [-Wimplicit-function-declaration]
   34 |         btn_clear(btn_base); // clear button edge-capture reg
      |         ^~~~~~~~~
main.c: In function 'led_flash_v2':
main.c:66:27: warning: passing argument 2 of 'pwrite' makes pointer from integer without a cast [-Wint-conversion]
   66 |         pwrite(led_base , led_pattern) ; // write LEDs
      |                           ^~~~~~~~~~~
      |                           |
      |                           alt_u8 {aka unsigned char}
In file included from /home/danielcrovo/intelFPGA_lite/21.1/nios2eds/bin/gnu/H-x86_64-pc-linux-gnu/nios2-elf/include/unistd.h:4,
                 from main.c:8:
/home/danielcrovo/intelFPGA_lite/21.1/nios2eds/bin/gnu/H-x86_64-pc-linux-gnu/nios2-elf/include/sys/unistd.h:187:39: note: expected 'const void *' but argument is of type 'alt_u8' {aka 'unsigned char'}
  187 | ssize_t pwrite (int __fd, const void *__buf, size_t __nbytes, off_t __offset);
      |                           ~~~~~~~~~~~~^~~~~
main.c:66:9: error: too few arguments to function 'pwrite'
   66 |         pwrite(led_base , led_pattern) ; // write LEDs
      |         ^~~~~~
In file included from /home/danielcrovo/intelFPGA_lite/21.1/nios2eds/bin/gnu/H-x86_64-pc-linux-gnu/nios2-elf/include/unistd.h:4,
                 from main.c:8:
/home/danielcrovo/intelFPGA_lite/21.1/nios2eds/bin/gnu/H-x86_64-pc-linux-gnu/nios2-elf/include/sys/unistd.h:187:9: note: declared here
  187 | ssize_t pwrite (int __fd, const void *__buf, size_t __nbytes, off_t __offset);
      |         ^~~~~~
main.c: In function 'main':
main.c:77:9: warning: implicit declaration of function 'flashsys_init_v2'; did you mean 'fIashsys_init_v2'? [-Wimplicit-function-declaration]
   77 |         flashsys_init_v2(BTN_BASE);
      |         ^~~~~~~~~~~~~~~~
      |         fIashsys_init_v2
main.c:79:17: warning: implicit declaration of function 'sw_get_command_vl' [-Wimplicit-function-declaration]
   79 |                 sw_get_command_vl(BTN_BASE, SWITCH_BASE ,&sw_cmd);
      |                 ^~~~~~~~~~~~~~~~~
main.c:81:17: warning: implicit declaration of function 'sseg_disp_msg_vl' [-Wimplicit-function-declaration]
   81 |                 sseg_disp_msg_vl(SSEG_BASE, sw_cmd);
      |                 ^~~~~~~~~~~~~~~~
make: *** [Makefile:725: obj/default/main.o] Error 1
13:45:11 **** Build of configuration Nios II for project nios_led3 ****
make all 
Info: Building ../nios_led3_bsp/
make --no-print-directory -C ../nios_led3_bsp/
[BSP build complete]
Info: Compiling main.c to obj/default/main.o
nios2-elf-gcc -xc -MP -MMD -c -I../nios_led3_bsp//HAL/inc -I../nios_led3_bsp/ -I../nios_led3_bsp//drivers/inc -pipe -D__hal__ -DALT_USE_DIRECT_DRIVERS -DALT_NO_INSTRUCTION_EMULATION -DALT_SINGLE_THREADED    -O0 -g -Wall  -mno-hw-div -mno-hw-mul -mno-hw-mulx -mgpopt=global  -o "obj/default/main.o" "main.c"
main.c: In function 'flashsys_init_v2':
main.c:34:9: warning: implicit declaration of function 'btn_clear' [-Wimplicit-function-declaration]
   34 |         btn_clear(btn_base); // clear button edge-capture reg
      |         ^~~~~~~~~
main.c: In function 'led_flash_v2':
main.c:66:27: warning: passing argument 2 of 'pwrite' makes pointer from integer without a cast [-Wint-conversion]
   66 |         pwrite(led_base , led_pattern) ; // write LEDs
      |                           ^~~~~~~~~~~
      |                           |
      |                           alt_u8 {aka unsigned char}
In file included from /home/danielcrovo/intelFPGA_lite/21.1/nios2eds/bin/gnu/H-x86_64-pc-linux-gnu/nios2-elf/include/unistd.h:4,
                 from main.c:8:
/home/danielcrovo/intelFPGA_lite/21.1/nios2eds/bin/gnu/H-x86_64-pc-linux-gnu/nios2-elf/include/sys/unistd.h:187:39: note: expected 'const void *' but argument is of type 'alt_u8' {aka 'unsigned char'}
  187 | ssize_t pwrite (int __fd, const void *__buf, size_t __nbytes, off_t __offset);
      |                           ~~~~~~~~~~~~^~~~~
main.c:66:9: error: too few arguments to function 'pwrite'
   66 |         pwrite(led_base , led_pattern) ; // write LEDs
      |         ^~~~~~
In file included from /home/danielcrovo/intelFPGA_lite/21.1/nios2eds/bin/gnu/H-x86_64-pc-linux-gnu/nios2-elf/include/unistd.h:4,
                 from main.c:8:
/home/danielcrovo/intelFPGA_lite/21.1/nios2eds/bin/gnu/H-x86_64-pc-linux-gnu/nios2-elf/include/sys/unistd.h:187:9: note: declared here
  187 | ssize_t pwrite (int __fd, const void *__buf, size_t __nbytes, off_t __offset);
      |         ^~~~~~
main.c: In function 'main':
main.c:79:17: warning: implicit declaration of function 'sw_get_command_vl' [-Wimplicit-function-declaration]
   79 |                 sw_get_command_vl(BTN_BASE, SWITCH_BASE ,&sw_cmd);
      |                 ^~~~~~~~~~~~~~~~~
main.c:81:17: warning: implicit declaration of function 'sseg_disp_msg_vl' [-Wimplicit-function-declaration]
   81 |                 sseg_disp_msg_vl(SSEG_BASE, sw_cmd);
      |                 ^~~~~~~~~~~~~~~~
make: *** [Makefile:725: obj/default/main.o] Error 1
13:55:17 **** Build of configuration Nios II for project nios_led3 ****
make all 
Info: Building ../nios_led3_bsp/
make --no-print-directory -C ../nios_led3_bsp/
[BSP build complete]
Info: Compiling main.c to obj/default/main.o
nios2-elf-gcc -xc -MP -MMD -c -I../nios_led3_bsp//HAL/inc -I../nios_led3_bsp/ -I../nios_led3_bsp//drivers/inc -pipe -D__hal__ -DALT_USE_DIRECT_DRIVERS -DALT_NO_INSTRUCTION_EMULATION -DALT_SINGLE_THREADED    -O0 -g -Wall  -mno-hw-div -mno-hw-mul -mno-hw-mulx -mgpopt=global  -o "obj/default/main.o" "main.c"
main.c: In function 'flashsys_init_v2':
main.c:34:9: warning: implicit declaration of function 'btn_clear' [-Wimplicit-function-declaration]
   34 |         btn_clear(btn_base); // clear button edge-capture reg
      |         ^~~~~~~~~
main.c: In function 'led_flash_v2':
main.c:66:9: warning: implicit declaration of function 'pio_write'; did you mean 'pwrite'? [-Wimplicit-function-declaration]
   66 |         pio_write(led_base , led_pattern) ; // write LEDs
      |         ^~~~~~~~~
      |         pwrite
main.c: In function 'sseg_disp_msg_v1':
main.c:88:18: warning: implicit declaration of function 'sseg_conv_hex' [-Wimplicit-function-declaration]
   88 |         msg[3] = sseg_conv_hex(hex);
      |                  ^~~~~~~~~~~~~
main.c:99:9: warning: implicit declaration of function 'sseg_disp_ptn'; did you mean 'sseg_disp_msg_v1'? [-Wimplicit-function-declaration]
   99 |         sseg_disp_ptn(sseg_base, msg);
      |         ^~~~~~~~~~~~~
      |         sseg_disp_msg_v1
main.c: In function 'sw_get_command_v1':
main.c:106:24: warning: implicit declaration of function 'btn_read' [-Wimplicit-function-declaration]
  106 |         btn = (alt_u8) btn_read(btn_base) & 0xF; //read 4 pushbuttons
      |                        ^~~~~~~~
main.c:115:36: warning: implicit declaration of function 'pio_read'; did you mean 'pread'? [-Wimplicit-function-declaration]
  115 |                         cmd->prd = pio_read(sw_base) & 0x03FF; // load new interval
      |                                    ^~~~~~~~
      |                                    pread
main.c: In function 'main':
main.c:145:17: warning: implicit declaration of function 'sw_get_command_vl'; did you mean 'sw_get_command_v1'? [-Wimplicit-function-declaration]
  145 |                 sw_get_command_vl(BTN_BASE, SWITCH_BASE ,&sw_cmd);
      |                 ^~~~~~~~~~~~~~~~~
      |                 sw_get_command_v1
main.c:147:17: warning: implicit declaration of function 'sseg_disp_msg_vl'; did you mean 'sseg_disp_msg_v1'? [-Wimplicit-function-declaration]
  147 |                 sseg_disp_msg_vl(SSEG_BASE, sw_cmd);
      |                 ^~~~~~~~~~~~~~~~
      |                 sseg_disp_msg_v1
Info: Linking nios_led3.elf
nios2-elf-g++ -T'../nios_led3_bsp//linker.x' -msys-crt0='../nios_led3_bsp//obj/HAL/src/crt0.o' -msys-lib=hal_bsp -L../nios_led3_bsp/   -Wl,-Map=nios_led3.map   -O0 -g -Wall  -mno-hw-div -mno-hw-mul -mno-hw-mulx -mgpopt=global  -o nios_led3.elf obj/default/main.o -lm -msys-lib=m
/home/danielcrovo/intelFPGA_lite/21.1/nios2eds/bin/gnu/H-x86_64-pc-linux-gnu/bin/../lib/gcc/nios2-elf/11.2.1/../../../../../H-x86_64-pc-linux-gnu/nios2-elf/bin/ld: /home/danielcrovo/intelFPGA_lite/21.1/nios2eds/bin/gnu/H-x86_64-pc-linux-gnu/bin/../lib/gcc/nios2-elf/11.2.1/../../../../../H-x86_64-pc-linux-gnu/nios2-elf/lib/mno-hw-mul/libc.a(closer.o): in function `_close_r':
/build/arc/temp/1089618295/ACDS_lwr/ip/sopc/app/gnu/BUILD/gnu/build-newlib.nios2-elf.x86_64-pc-linux-gnu/nios2-elf/mno-hw-mul/newlib/libc/reent/../../../../../../src/newlib-4.1.0/newlib/libc/reent/closer.c:47: warning: warning: close is not implemented and will always fail
/home/danielcrovo/intelFPGA_lite/21.1/nios2eds/bin/gnu/H-x86_64-pc-linux-gnu/bin/../lib/gcc/nios2-elf/11.2.1/../../../../../H-x86_64-pc-linux-gnu/nios2-elf/bin/ld: /home/danielcrovo/intelFPGA_lite/21.1/nios2eds/bin/gnu/H-x86_64-pc-linux-gnu/bin/../lib/gcc/nios2-elf/11.2.1/../../../../../H-x86_64-pc-linux-gnu/nios2-elf/lib/mno-hw-mul/libc.a(lib_a-lseekr.o): in function `_lseek_r':
/build/arc/temp/1089618295/ACDS_lwr/ip/sopc/app/gnu/BUILD/gnu/build-newlib.nios2-elf.x86_64-pc-linux-gnu/nios2-elf/mno-hw-mul/newlib/libc/reent/../../../../../../src/newlib-4.1.0/newlib/libc/reent/lseekr.c:49: warning: warning: lseek is not implemented and will always fail
/home/danielcrovo/intelFPGA_lite/21.1/nios2eds/bin/gnu/H-x86_64-pc-linux-gnu/bin/../lib/gcc/nios2-elf/11.2.1/../../../../../H-x86_64-pc-linux-gnu/nios2-elf/bin/ld: obj/default/main.o: in function `flashsys_init_v2':
/home/danielcrovo/Documents/Daniel/01.Study/01.MScEE/02.Semester2/SoC/Lab5_SoC/software/nios_led3/main.c:34: undefined reference to `btn_clear'
/home/danielcrovo/intelFPGA_lite/21.1/nios2eds/bin/gnu/H-x86_64-pc-linux-gnu/bin/../lib/gcc/nios2-elf/11.2.1/../../../../../H-x86_64-pc-linux-gnu/nios2-elf/bin/ld: obj/default/main.o: in function `led_flash_v2':
/home/danielcrovo/Documents/Daniel/01.Study/01.MScEE/02.Semester2/SoC/Lab5_SoC/software/nios_led3/main.c:66: undefined reference to `pio_write'
/home/danielcrovo/intelFPGA_lite/21.1/nios2eds/bin/gnu/H-x86_64-pc-linux-gnu/bin/../lib/gcc/nios2-elf/11.2.1/../../../../../H-x86_64-pc-linux-gnu/nios2-elf/bin/ld: obj/default/main.o: in function `sseg_disp_msg_v1':
/home/danielcrovo/Documents/Daniel/01.Study/01.MScEE/02.Semester2/SoC/Lab5_SoC/software/nios_led3/main.c:88: undefined reference to `sseg_conv_hex'
/home/danielcrovo/intelFPGA_lite/21.1/nios2eds/bin/gnu/H-x86_64-pc-linux-gnu/bin/../lib/gcc/nios2-elf/11.2.1/../../../../../H-x86_64-pc-linux-gnu/nios2-elf/bin/ld: /home/danielcrovo/Documents/Daniel/01.Study/01.MScEE/02.Semester2/SoC/Lab5_SoC/software/nios_led3/main.c:90: undefined reference to `sseg_conv_hex'
/home/danielcrovo/intelFPGA_lite/21.1/nios2eds/bin/gnu/H-x86_64-pc-linux-gnu/bin/../lib/gcc/nios2-elf/11.2.1/../../../../../H-x86_64-pc-linux-gnu/nios2-elf/bin/ld: /home/danielcrovo/Documents/Daniel/01.Study/01.MScEE/02.Semester2/SoC/Lab5_SoC/software/nios_led3/main.c:92: undefined reference to `sseg_conv_hex'
/home/danielcrovo/intelFPGA_lite/21.1/nios2eds/bin/gnu/H-x86_64-pc-linux-gnu/bin/../lib/gcc/nios2-elf/11.2.1/../../../../../H-x86_64-pc-linux-gnu/nios2-elf/bin/ld: /home/danielcrovo/Documents/Daniel/01.Study/01.MScEE/02.Semester2/SoC/Lab5_SoC/software/nios_led3/main.c:99: undefined reference to `sseg_disp_ptn'
/home/danielcrovo/intelFPGA_lite/21.1/nios2eds/bin/gnu/H-x86_64-pc-linux-gnu/bin/../lib/gcc/nios2-elf/11.2.1/../../../../../H-x86_64-pc-linux-gnu/nios2-elf/bin/ld: obj/default/main.o: in function `sw_get_command_v1':
/home/danielcrovo/Documents/Daniel/01.Study/01.MScEE/02.Semester2/SoC/Lab5_SoC/software/nios_led3/main.c:106: undefined reference to `btn_read'
/home/danielcrovo/intelFPGA_lite/21.1/nios2eds/bin/gnu/H-x86_64-pc-linux-gnu/bin/../lib/gcc/nios2-elf/11.2.1/../../../../../H-x86_64-pc-linux-gnu/nios2-elf/bin/ld: /home/danielcrovo/Documents/Daniel/01.Study/01.MScEE/02.Semester2/SoC/Lab5_SoC/software/nios_led3/main.c:111: undefined reference to `btn_clear'
/home/danielcrovo/intelFPGA_lite/21.1/nios2eds/bin/gnu/H-x86_64-pc-linux-gnu/bin/../lib/gcc/nios2-elf/11.2.1/../../../../../H-x86_64-pc-linux-gnu/nios2-elf/bin/ld: /home/danielcrovo/Documents/Daniel/01.Study/01.MScEE/02.Semester2/SoC/Lab5_SoC/software/nios_led3/main.c:115: undefined reference to `pio_read'
/home/danielcrovo/intelFPGA_lite/21.1/nios2eds/bin/gnu/H-x86_64-pc-linux-gnu/bin/../lib/gcc/nios2-elf/11.2.1/../../../../../H-x86_64-pc-linux-gnu/nios2-elf/bin/ld: /home/danielcrovo/Documents/Daniel/01.Study/01.MScEE/02.Semester2/SoC/Lab5_SoC/software/nios_led3/main.c:116: undefined reference to `btn_clear'
/home/danielcrovo/intelFPGA_lite/21.1/nios2eds/bin/gnu/H-x86_64-pc-linux-gnu/bin/../lib/gcc/nios2-elf/11.2.1/../../../../../H-x86_64-pc-linux-gnu/nios2-elf/bin/ld: /home/danielcrovo/Documents/Daniel/01.Study/01.MScEE/02.Semester2/SoC/Lab5_SoC/software/nios_led3/main.c:130: undefined reference to `btn_clear'
/home/danielcrovo/intelFPGA_lite/21.1/nios2eds/bin/gnu/H-x86_64-pc-linux-gnu/bin/../lib/gcc/nios2-elf/11.2.1/../../../../../H-x86_64-pc-linux-gnu/nios2-elf/bin/ld: obj/default/main.o: in function `main':
/home/danielcrovo/Documents/Daniel/01.Study/01.MScEE/02.Semester2/SoC/Lab5_SoC/software/nios_led3/main.c:145: undefined reference to `sw_get_command_vl'
/home/danielcrovo/intelFPGA_lite/21.1/nios2eds/bin/gnu/H-x86_64-pc-linux-gnu/bin/../lib/gcc/nios2-elf/11.2.1/../../../../../H-x86_64-pc-linux-gnu/nios2-elf/bin/ld: /home/danielcrovo/Documents/Daniel/01.Study/01.MScEE/02.Semester2/SoC/Lab5_SoC/software/nios_led3/main.c:147: undefined reference to `sseg_disp_msg_vl'
collect2: error: ld returned 1 exit status
make: *** [Makefile:1015: nios_led3.elf] Error 1
13:56:02 **** Build of configuration Nios II for project nios_led3 ****
make all 
Info: Building ../nios_led3_bsp/
make --no-print-directory -C ../nios_led3_bsp/
[BSP build complete]
Info: Compiling gpio.c to obj/default/gpio.o
nios2-elf-gcc -xc -MP -MMD -c -I../nios_led3_bsp//HAL/inc -I../nios_led3_bsp/ -I../nios_led3_bsp//drivers/inc -pipe -D__hal__ -DALT_USE_DIRECT_DRIVERS -DALT_NO_INSTRUCTION_EMULATION -DALT_SINGLE_THREADED    -O0 -g -Wall  -mno-hw-div -mno-hw-mul -mno-hw-mulx -mgpopt=global  -o "obj/default/gpio.o" "gpio.c"
Info: Compiling main.c to obj/default/main.o
nios2-elf-gcc -xc -MP -MMD -c -I../nios_led3_bsp//HAL/inc -I../nios_led3_bsp/ -I../nios_led3_bsp//drivers/inc -pipe -D__hal__ -DALT_USE_DIRECT_DRIVERS -DALT_NO_INSTRUCTION_EMULATION -DALT_SINGLE_THREADED    -O0 -g -Wall  -mno-hw-div -mno-hw-mul -mno-hw-mulx -mgpopt=global  -o "obj/default/main.o" "main.c"
main.c: In function 'flashsys_init_v2':
main.c:34:9: warning: implicit declaration of function 'btn_clear' [-Wimplicit-function-declaration]
   34 |         btn_clear(btn_base); // clear button edge-capture reg
      |         ^~~~~~~~~
main.c: In function 'led_flash_v2':
main.c:66:9: warning: implicit declaration of function 'pio_write'; did you mean 'pwrite'? [-Wimplicit-function-declaration]
   66 |         pio_write(led_base , led_pattern) ; // write LEDs
      |         ^~~~~~~~~
      |         pwrite
main.c: In function 'sseg_disp_msg_v1':
main.c:88:18: warning: implicit declaration of function 'sseg_conv_hex' [-Wimplicit-function-declaration]
   88 |         msg[3] = sseg_conv_hex(hex);
      |                  ^~~~~~~~~~~~~
main.c:99:9: warning: implicit declaration of function 'sseg_disp_ptn'; did you mean 'sseg_disp_msg_v1'? [-Wimplicit-function-declaration]
   99 |         sseg_disp_ptn(sseg_base, msg);
      |         ^~~~~~~~~~~~~
      |         sseg_disp_msg_v1
main.c: In function 'sw_get_command_v1':
main.c:106:24: warning: implicit declaration of function 'btn_read' [-Wimplicit-function-declaration]
  106 |         btn = (alt_u8) btn_read(btn_base) & 0xF; //read 4 pushbuttons
      |                        ^~~~~~~~
main.c:115:36: warning: implicit declaration of function 'pio_read'; did you mean 'pread'? [-Wimplicit-function-declaration]
  115 |                         cmd->prd = pio_read(sw_base) & 0x03FF; // load new interval
      |                                    ^~~~~~~~
      |                                    pread
main.c: In function 'main':
main.c:145:17: error: too few arguments to function 'sw_get_command_v1'
  145 |                 sw_get_command_v1(BTN_BASE, SWITCH_BASE ,&sw_cmd);
      |                 ^~~~~~~~~~~~~~~~~
main.c:104:6: note: declared here
  104 | void sw_get_command_v1(alt_u32 btn_base, alt_32 sw_base, cmd_type *cmd, alt_u32 jtag_base){
      |      ^~~~~~~~~~~~~~~~~
make: *** [Makefile:726: obj/default/main.o] Error 1
13:56:35 **** Build of configuration Nios II for project nios_led3 ****
make all 
Info: Building ../nios_led3_bsp/
make --no-print-directory -C ../nios_led3_bsp/
[BSP build complete]
Info: Compiling main.c to obj/default/main.o
nios2-elf-gcc -xc -MP -MMD -c -I../nios_led3_bsp//HAL/inc -I../nios_led3_bsp/ -I../nios_led3_bsp//drivers/inc -pipe -D__hal__ -DALT_USE_DIRECT_DRIVERS -DALT_NO_INSTRUCTION_EMULATION -DALT_SINGLE_THREADED    -O0 -g -Wall  -mno-hw-div -mno-hw-mul -mno-hw-mulx -mgpopt=global  -o "obj/default/main.o" "main.c"
main.c: In function 'flashsys_init_v2':
main.c:34:9: warning: implicit declaration of function 'btn_clear' [-Wimplicit-function-declaration]
   34 |         btn_clear(btn_base); // clear button edge-capture reg
      |         ^~~~~~~~~
main.c: In function 'led_flash_v2':
main.c:66:9: warning: implicit declaration of function 'pio_write'; did you mean 'pwrite'? [-Wimplicit-function-declaration]
   66 |         pio_write(led_base , led_pattern) ; // write LEDs
      |         ^~~~~~~~~
      |         pwrite
main.c: In function 'sseg_disp_msg_v1':
main.c:88:18: warning: implicit declaration of function 'sseg_conv_hex' [-Wimplicit-function-declaration]
   88 |         msg[3] = sseg_conv_hex(hex);
      |                  ^~~~~~~~~~~~~
main.c:99:9: warning: implicit declaration of function 'sseg_disp_ptn'; did you mean 'sseg_disp_msg_v1'? [-Wimplicit-function-declaration]
   99 |         sseg_disp_ptn(sseg_base, msg);
      |         ^~~~~~~~~~~~~
      |         sseg_disp_msg_v1
main.c: In function 'sw_get_command_v1':
main.c:106:24: warning: implicit declaration of function 'btn_read' [-Wimplicit-function-declaration]
  106 |         btn = (alt_u8) btn_read(btn_base) & 0xF; //read 4 pushbuttons
      |                        ^~~~~~~~
main.c:115:36: warning: implicit declaration of function 'pio_read'; did you mean 'pread'? [-Wimplicit-function-declaration]
  115 |                         cmd->prd = pio_read(sw_base) & 0x03FF; // load new interval
      |                                    ^~~~~~~~
      |                                    pread
Info: Linking nios_led3.elf
nios2-elf-g++ -T'../nios_led3_bsp//linker.x' -msys-crt0='../nios_led3_bsp//obj/HAL/src/crt0.o' -msys-lib=hal_bsp -L../nios_led3_bsp/   -Wl,-Map=nios_led3.map   -O0 -g -Wall  -mno-hw-div -mno-hw-mul -mno-hw-mulx -mgpopt=global  -o nios_led3.elf obj/default/gpio.o obj/default/main.o -lm -msys-lib=m
/home/danielcrovo/intelFPGA_lite/21.1/nios2eds/bin/gnu/H-x86_64-pc-linux-gnu/bin/../lib/gcc/nios2-elf/11.2.1/../../../../../H-x86_64-pc-linux-gnu/nios2-elf/bin/ld: /home/danielcrovo/intelFPGA_lite/21.1/nios2eds/bin/gnu/H-x86_64-pc-linux-gnu/bin/../lib/gcc/nios2-elf/11.2.1/../../../../../H-x86_64-pc-linux-gnu/nios2-elf/lib/mno-hw-mul/libc.a(closer.o): in function `_close_r':
/build/arc/temp/1089618295/ACDS_lwr/ip/sopc/app/gnu/BUILD/gnu/build-newlib.nios2-elf.x86_64-pc-linux-gnu/nios2-elf/mno-hw-mul/newlib/libc/reent/../../../../../../src/newlib-4.1.0/newlib/libc/reent/closer.c:47: warning: warning: close is not implemented and will always fail
/home/danielcrovo/intelFPGA_lite/21.1/nios2eds/bin/gnu/H-x86_64-pc-linux-gnu/bin/../lib/gcc/nios2-elf/11.2.1/../../../../../H-x86_64-pc-linux-gnu/nios2-elf/bin/ld: /home/danielcrovo/intelFPGA_lite/21.1/nios2eds/bin/gnu/H-x86_64-pc-linux-gnu/bin/../lib/gcc/nios2-elf/11.2.1/../../../../../H-x86_64-pc-linux-gnu/nios2-elf/lib/mno-hw-mul/libc.a(lib_a-lseekr.o): in function `_lseek_r':
/build/arc/temp/1089618295/ACDS_lwr/ip/sopc/app/gnu/BUILD/gnu/build-newlib.nios2-elf.x86_64-pc-linux-gnu/nios2-elf/mno-hw-mul/newlib/libc/reent/../../../../../../src/newlib-4.1.0/newlib/libc/reent/lseekr.c:49: warning: warning: lseek is not implemented and will always fail
/home/danielcrovo/intelFPGA_lite/21.1/nios2eds/bin/gnu/H-x86_64-pc-linux-gnu/bin/../lib/gcc/nios2-elf/11.2.1/../../../../../H-x86_64-pc-linux-gnu/nios2-elf/bin/ld: obj/default/main.o: in function `flashsys_init_v2':
/home/danielcrovo/Documents/Daniel/01.Study/01.MScEE/02.Semester2/SoC/Lab5_SoC/software/nios_led3/main.c:34: undefined reference to `btn_clear'
/home/danielcrovo/intelFPGA_lite/21.1/nios2eds/bin/gnu/H-x86_64-pc-linux-gnu/bin/../lib/gcc/nios2-elf/11.2.1/../../../../../H-x86_64-pc-linux-gnu/nios2-elf/bin/ld: obj/default/main.o: in function `led_flash_v2':
/home/danielcrovo/Documents/Daniel/01.Study/01.MScEE/02.Semester2/SoC/Lab5_SoC/software/nios_led3/main.c:66: undefined reference to `pio_write'
/home/danielcrovo/intelFPGA_lite/21.1/nios2eds/bin/gnu/H-x86_64-pc-linux-gnu/bin/../lib/gcc/nios2-elf/11.2.1/../../../../../H-x86_64-pc-linux-gnu/nios2-elf/bin/ld: obj/default/main.o: in function `sw_get_command_v1':
/home/danielcrovo/Documents/Daniel/01.Study/01.MScEE/02.Semester2/SoC/Lab5_SoC/software/nios_led3/main.c:106: undefined reference to `btn_read'
/home/danielcrovo/intelFPGA_lite/21.1/nios2eds/bin/gnu/H-x86_64-pc-linux-gnu/bin/../lib/gcc/nios2-elf/11.2.1/../../../../../H-x86_64-pc-linux-gnu/nios2-elf/bin/ld: /home/danielcrovo/Documents/Daniel/01.Study/01.MScEE/02.Semester2/SoC/Lab5_SoC/software/nios_led3/main.c:111: undefined reference to `btn_clear'
/home/danielcrovo/intelFPGA_lite/21.1/nios2eds/bin/gnu/H-x86_64-pc-linux-gnu/bin/../lib/gcc/nios2-elf/11.2.1/../../../../../H-x86_64-pc-linux-gnu/nios2-elf/bin/ld: /home/danielcrovo/Documents/Daniel/01.Study/01.MScEE/02.Semester2/SoC/Lab5_SoC/software/nios_led3/main.c:115: undefined reference to `pio_read'
/home/danielcrovo/intelFPGA_lite/21.1/nios2eds/bin/gnu/H-x86_64-pc-linux-gnu/bin/../lib/gcc/nios2-elf/11.2.1/../../../../../H-x86_64-pc-linux-gnu/nios2-elf/bin/ld: /home/danielcrovo/Documents/Daniel/01.Study/01.MScEE/02.Semester2/SoC/Lab5_SoC/software/nios_led3/main.c:116: undefined reference to `btn_clear'
/home/danielcrovo/intelFPGA_lite/21.1/nios2eds/bin/gnu/H-x86_64-pc-linux-gnu/bin/../lib/gcc/nios2-elf/11.2.1/../../../../../H-x86_64-pc-linux-gnu/nios2-elf/bin/ld: /home/danielcrovo/Documents/Daniel/01.Study/01.MScEE/02.Semester2/SoC/Lab5_SoC/software/nios_led3/main.c:130: undefined reference to `btn_clear'
collect2: error: ld returned 1 exit status
make: *** [Makefile:1016: nios_led3.elf] Error 1
13:57:05 **** Build of configuration Nios II for project nios_led3 ****
make all 
Info: Building ../nios_led3_bsp/
make --no-print-directory -C ../nios_led3_bsp/
[BSP build complete]
Info: Compiling main.c to obj/default/main.o
nios2-elf-gcc -xc -MP -MMD -c -I../nios_led3_bsp//HAL/inc -I../nios_led3_bsp/ -I../nios_led3_bsp//drivers/inc -pipe -D__hal__ -DALT_USE_DIRECT_DRIVERS -DALT_NO_INSTRUCTION_EMULATION -DALT_SINGLE_THREADED    -O0 -g -Wall  -mno-hw-div -mno-hw-mul -mno-hw-mulx -mgpopt=global  -o "obj/default/main.o" "main.c"
Info: Linking nios_led3.elf
nios2-elf-g++ -T'../nios_led3_bsp//linker.x' -msys-crt0='../nios_led3_bsp//obj/HAL/src/crt0.o' -msys-lib=hal_bsp -L../nios_led3_bsp/   -Wl,-Map=nios_led3.map   -O0 -g -Wall  -mno-hw-div -mno-hw-mul -mno-hw-mulx -mgpopt=global  -o nios_led3.elf obj/default/gpio.o obj/default/main.o -lm -msys-lib=m
/home/danielcrovo/intelFPGA_lite/21.1/nios2eds/bin/gnu/H-x86_64-pc-linux-gnu/bin/../lib/gcc/nios2-elf/11.2.1/../../../../../H-x86_64-pc-linux-gnu/nios2-elf/bin/ld: /home/danielcrovo/intelFPGA_lite/21.1/nios2eds/bin/gnu/H-x86_64-pc-linux-gnu/bin/../lib/gcc/nios2-elf/11.2.1/../../../../../H-x86_64-pc-linux-gnu/nios2-elf/lib/mno-hw-mul/libc.a(closer.o): in function `_close_r':
/build/arc/temp/1089618295/ACDS_lwr/ip/sopc/app/gnu/BUILD/gnu/build-newlib.nios2-elf.x86_64-pc-linux-gnu/nios2-elf/mno-hw-mul/newlib/libc/reent/../../../../../../src/newlib-4.1.0/newlib/libc/reent/closer.c:47: warning: warning: close is not implemented and will always fail
/home/danielcrovo/intelFPGA_lite/21.1/nios2eds/bin/gnu/H-x86_64-pc-linux-gnu/bin/../lib/gcc/nios2-elf/11.2.1/../../../../../H-x86_64-pc-linux-gnu/nios2-elf/bin/ld: /home/danielcrovo/intelFPGA_lite/21.1/nios2eds/bin/gnu/H-x86_64-pc-linux-gnu/bin/../lib/gcc/nios2-elf/11.2.1/../../../../../H-x86_64-pc-linux-gnu/nios2-elf/lib/mno-hw-mul/libc.a(lib_a-lseekr.o): in function `_lseek_r':
/build/arc/temp/1089618295/ACDS_lwr/ip/sopc/app/gnu/BUILD/gnu/build-newlib.nios2-elf.x86_64-pc-linux-gnu/nios2-elf/mno-hw-mul/newlib/libc/reent/../../../../../../src/newlib-4.1.0/newlib/libc/reent/lseekr.c:49: warning: warning: lseek is not implemented and will always fail
nios2-elf-insert nios_led3.elf --thread_model hal --cpu_name cpu --qsys true --simulation_enabled false --id 0 --sidp 0x41110 --timestamp 1667899888 --stderr_dev jtag_uart --stdin_dev jtag_uart --stdout_dev jtag_uart --sopc_system_name nios_led3 --quartus_project_dir "/home/danielcrovo/Documents/Daniel/01.Study/01.MScEE/02.Semester2/SoC/Lab5_SoC" --jdi ../..//output_files/nios_led3.jdi --sopcinfo /home/danielcrovo/Documents/Daniel/01.Study/01.MScEE/02.Semester2/SoC/Lab5_SoC/software/nios_led3_bsp/../../nios_led3.sopcinfo
Info: (nios_led3.elf) 105 KBytes program size (code + initialized data).
Info:                 16 KBytes free for stack + heap.
Info: Creating nios_led3.objdump
nios2-elf-objdump --disassemble --syms --all-header --source nios_led3.elf >nios_led3.objdump
[nios_led3 build complete]
13:57:07 **** Incremental Build of configuration Nios II for project nios_led3 ****
make all 
Info: Building ../nios_led3_bsp/
make --no-print-directory -C ../nios_led3_bsp/
[BSP build complete]
[nios_led3 build complete]
14:11:15 **** Build of configuration Nios II for project nios_led3 ****
make all 
Info: Building ../nios_led3_bsp/
make --no-print-directory -C ../nios_led3_bsp/
[BSP build complete]
Info: Compiling gpio.c to obj/default/gpio.o
nios2-elf-gcc -xc -MP -MMD -c -I../nios_led3_bsp//HAL/inc -I../nios_led3_bsp/ -I../nios_led3_bsp//drivers/inc -pipe -D__hal__ -DALT_USE_DIRECT_DRIVERS -DALT_NO_INSTRUCTION_EMULATION -DALT_SINGLE_THREADED    -O0 -g -Wall  -mno-hw-div -mno-hw-mul -mno-hw-mulx -mgpopt=global  -o "obj/default/gpio.o" "gpio.c"
Info: Compiling main.c to obj/default/main.o
nios2-elf-gcc -xc -MP -MMD -c -I../nios_led3_bsp//HAL/inc -I../nios_led3_bsp/ -I../nios_led3_bsp//drivers/inc -pipe -D__hal__ -DALT_USE_DIRECT_DRIVERS -DALT_NO_INSTRUCTION_EMULATION -DALT_SINGLE_THREADED    -O0 -g -Wall  -mno-hw-div -mno-hw-mul -mno-hw-mulx -mgpopt=global  -o "obj/default/main.o" "main.c"
Info: Linking nios_led3.elf
nios2-elf-g++ -T'../nios_led3_bsp//linker.x' -msys-crt0='../nios_led3_bsp//obj/HAL/src/crt0.o' -msys-lib=hal_bsp -L../nios_led3_bsp/   -Wl,-Map=nios_led3.map   -O0 -g -Wall  -mno-hw-div -mno-hw-mul -mno-hw-mulx -mgpopt=global  -o nios_led3.elf obj/default/gpio.o obj/default/main.o -lm -msys-lib=m
/home/danielcrovo/intelFPGA_lite/21.1/nios2eds/bin/gnu/H-x86_64-pc-linux-gnu/bin/../lib/gcc/nios2-elf/11.2.1/../../../../../H-x86_64-pc-linux-gnu/nios2-elf/bin/ld: /home/danielcrovo/intelFPGA_lite/21.1/nios2eds/bin/gnu/H-x86_64-pc-linux-gnu/bin/../lib/gcc/nios2-elf/11.2.1/../../../../../H-x86_64-pc-linux-gnu/nios2-elf/lib/mno-hw-mul/libc.a(closer.o): in function `_close_r':
/build/arc/temp/1089618295/ACDS_lwr/ip/sopc/app/gnu/BUILD/gnu/build-newlib.nios2-elf.x86_64-pc-linux-gnu/nios2-elf/mno-hw-mul/newlib/libc/reent/../../../../../../src/newlib-4.1.0/newlib/libc/reent/closer.c:47: warning: warning: close is not implemented and will always fail
/home/danielcrovo/intelFPGA_lite/21.1/nios2eds/bin/gnu/H-x86_64-pc-linux-gnu/bin/../lib/gcc/nios2-elf/11.2.1/../../../../../H-x86_64-pc-linux-gnu/nios2-elf/bin/ld: /home/danielcrovo/intelFPGA_lite/21.1/nios2eds/bin/gnu/H-x86_64-pc-linux-gnu/bin/../lib/gcc/nios2-elf/11.2.1/../../../../../H-x86_64-pc-linux-gnu/nios2-elf/lib/mno-hw-mul/libc.a(lib_a-lseekr.o): in function `_lseek_r':
/build/arc/temp/1089618295/ACDS_lwr/ip/sopc/app/gnu/BUILD/gnu/build-newlib.nios2-elf.x86_64-pc-linux-gnu/nios2-elf/mno-hw-mul/newlib/libc/reent/../../../../../../src/newlib-4.1.0/newlib/libc/reent/lseekr.c:49: warning: warning: lseek is not implemented and will always fail
nios2-elf-insert nios_led3.elf --thread_model hal --cpu_name cpu --qsys true --simulation_enabled false --id 0 --sidp 0x41110 --timestamp 1667899888 --stderr_dev jtag_uart --stdin_dev jtag_uart --stdout_dev jtag_uart --sopc_system_name nios_led3 --quartus_project_dir "/home/danielcrovo/Documents/Daniel/01.Study/01.MScEE/02.Semester2/SoC/Lab5_SoC" --jdi ../..//output_files/nios_led3.jdi --sopcinfo /home/danielcrovo/Documents/Daniel/01.Study/01.MScEE/02.Semester2/SoC/Lab5_SoC/software/nios_led3_bsp/../../nios_led3.sopcinfo
Info: (nios_led3.elf) 104 KBytes program size (code + initialized data).
Info:                 16 KBytes free for stack + heap.
Info: Creating nios_led3.objdump
nios2-elf-objdump --disassemble --syms --all-header --source nios_led3.elf >nios_led3.objdump
[nios_led3 build complete]
14:11:16 **** Incremental Build of configuration Nios II for project nios_led3 ****
make all 
Info: Building ../nios_led3_bsp/
make --no-print-directory -C ../nios_led3_bsp/
[BSP build complete]
[nios_led3 build complete]
14:16:47 **** Build of configuration Nios II for project nios_led3 ****
make all 
Info: Building ../nios_led3_bsp/
make --no-print-directory -C ../nios_led3_bsp/
[BSP build complete]
Info: Compiling main.c to obj/default/main.o
nios2-elf-gcc -xc -MP -MMD -c -I../nios_led3_bsp//HAL/inc -I../nios_led3_bsp/ -I../nios_led3_bsp//drivers/inc -pipe -D__hal__ -DALT_USE_DIRECT_DRIVERS -DALT_NO_INSTRUCTION_EMULATION -DALT_SINGLE_THREADED    -O0 -g -Wall  -mno-hw-div -mno-hw-mul -mno-hw-mulx -mgpopt=global  -o "obj/default/main.o" "main.c"
main.c: In function 'led_flash_v3':
main.c:87:21: warning: implicit declaration of function 'alt_nticks' [-Wimplicit-function-declaration]
   87 |         now = (int)(alt_nticks()*alt_ticks_per_second()/1000);
      |                     ^~~~~~~~~~
main.c:87:34: warning: implicit declaration of function 'alt_ticks_per_second' [-Wimplicit-function-declaration]
   87 |         now = (int)(alt_nticks()*alt_ticks_per_second()/1000);
      |                                  ^~~~~~~~~~~~~~~~~~~~
Info: Linking nios_led3.elf
nios2-elf-g++ -T'../nios_led3_bsp//linker.x' -msys-crt0='../nios_led3_bsp//obj/HAL/src/crt0.o' -msys-lib=hal_bsp -L../nios_led3_bsp/   -Wl,-Map=nios_led3.map   -O0 -g -Wall  -mno-hw-div -mno-hw-mul -mno-hw-mulx -mgpopt=global  -o nios_led3.elf obj/default/gpio.o obj/default/main.o -lm -msys-lib=m
/home/danielcrovo/intelFPGA_lite/21.1/nios2eds/bin/gnu/H-x86_64-pc-linux-gnu/bin/../lib/gcc/nios2-elf/11.2.1/../../../../../H-x86_64-pc-linux-gnu/nios2-elf/bin/ld: /home/danielcrovo/intelFPGA_lite/21.1/nios2eds/bin/gnu/H-x86_64-pc-linux-gnu/bin/../lib/gcc/nios2-elf/11.2.1/../../../../../H-x86_64-pc-linux-gnu/nios2-elf/lib/mno-hw-mul/libc.a(closer.o): in function `_close_r':
/build/arc/temp/1089618295/ACDS_lwr/ip/sopc/app/gnu/BUILD/gnu/build-newlib.nios2-elf.x86_64-pc-linux-gnu/nios2-elf/mno-hw-mul/newlib/libc/reent/../../../../../../src/newlib-4.1.0/newlib/libc/reent/closer.c:47: warning: warning: close is not implemented and will always fail
/home/danielcrovo/intelFPGA_lite/21.1/nios2eds/bin/gnu/H-x86_64-pc-linux-gnu/bin/../lib/gcc/nios2-elf/11.2.1/../../../../../H-x86_64-pc-linux-gnu/nios2-elf/bin/ld: /home/danielcrovo/intelFPGA_lite/21.1/nios2eds/bin/gnu/H-x86_64-pc-linux-gnu/bin/../lib/gcc/nios2-elf/11.2.1/../../../../../H-x86_64-pc-linux-gnu/nios2-elf/lib/mno-hw-mul/libc.a(lib_a-lseekr.o): in function `_lseek_r':
/build/arc/temp/1089618295/ACDS_lwr/ip/sopc/app/gnu/BUILD/gnu/build-newlib.nios2-elf.x86_64-pc-linux-gnu/nios2-elf/mno-hw-mul/newlib/libc/reent/../../../../../../src/newlib-4.1.0/newlib/libc/reent/lseekr.c:49: warning: warning: lseek is not implemented and will always fail
/home/danielcrovo/intelFPGA_lite/21.1/nios2eds/bin/gnu/H-x86_64-pc-linux-gnu/bin/../lib/gcc/nios2-elf/11.2.1/../../../../../H-x86_64-pc-linux-gnu/nios2-elf/bin/ld: obj/default/main.o: in function `led_flash_v3':
/home/danielcrovo/Documents/Daniel/01.Study/01.MScEE/02.Semester2/SoC/Lab5_SoC/software/nios_led3/main.c:87: undefined reference to `alt_nticks'
/home/danielcrovo/intelFPGA_lite/21.1/nios2eds/bin/gnu/H-x86_64-pc-linux-gnu/bin/../lib/gcc/nios2-elf/11.2.1/../../../../../H-x86_64-pc-linux-gnu/nios2-elf/bin/ld: /home/danielcrovo/Documents/Daniel/01.Study/01.MScEE/02.Semester2/SoC/Lab5_SoC/software/nios_led3/main.c:87: undefined reference to `alt_ticks_per_second'
collect2: error: ld returned 1 exit status
make: *** [Makefile:1016: nios_led3.elf] Error 1
14:23:05 **** Incremental Build of configuration Nios II for project nios_led3 ****
make all 
Info: Building ../nios_led3_bsp/
make --no-print-directory -C ../nios_led3_bsp/
[BSP build complete]
Info: Compiling main.c to obj/default/main.o
nios2-elf-gcc -xc -MP -MMD -c -I../nios_led3_bsp//HAL/inc -I../nios_led3_bsp/ -I../nios_led3_bsp//drivers/inc -pipe -D__hal__ -DALT_USE_DIRECT_DRIVERS -DALT_NO_INSTRUCTION_EMULATION -DALT_SINGLE_THREADED    -O0 -g -Wall  -mno-hw-div -mno-hw-mul -mno-hw-mulx -mgpopt=global  -o "obj/default/main.o" "main.c"
Info: Linking nios_led3.elf
nios2-elf-g++ -T'../nios_led3_bsp//linker.x' -msys-crt0='../nios_led3_bsp//obj/HAL/src/crt0.o' -msys-lib=hal_bsp -L../nios_led3_bsp/   -Wl,-Map=nios_led3.map   -O0 -g -Wall  -mno-hw-div -mno-hw-mul -mno-hw-mulx -mgpopt=global  -o nios_led3.elf obj/default/gpio.o obj/default/main.o -lm -msys-lib=m
/home/danielcrovo/intelFPGA_lite/21.1/nios2eds/bin/gnu/H-x86_64-pc-linux-gnu/bin/../lib/gcc/nios2-elf/11.2.1/../../../../../H-x86_64-pc-linux-gnu/nios2-elf/bin/ld: /home/danielcrovo/intelFPGA_lite/21.1/nios2eds/bin/gnu/H-x86_64-pc-linux-gnu/bin/../lib/gcc/nios2-elf/11.2.1/../../../../../H-x86_64-pc-linux-gnu/nios2-elf/lib/mno-hw-mul/libc.a(closer.o): in function `_close_r':
/build/arc/temp/1089618295/ACDS_lwr/ip/sopc/app/gnu/BUILD/gnu/build-newlib.nios2-elf.x86_64-pc-linux-gnu/nios2-elf/mno-hw-mul/newlib/libc/reent/../../../../../../src/newlib-4.1.0/newlib/libc/reent/closer.c:47: warning: warning: close is not implemented and will always fail
/home/danielcrovo/intelFPGA_lite/21.1/nios2eds/bin/gnu/H-x86_64-pc-linux-gnu/bin/../lib/gcc/nios2-elf/11.2.1/../../../../../H-x86_64-pc-linux-gnu/nios2-elf/bin/ld: /home/danielcrovo/intelFPGA_lite/21.1/nios2eds/bin/gnu/H-x86_64-pc-linux-gnu/bin/../lib/gcc/nios2-elf/11.2.1/../../../../../H-x86_64-pc-linux-gnu/nios2-elf/lib/mno-hw-mul/libc.a(lib_a-lseekr.o): in function `_lseek_r':
/build/arc/temp/1089618295/ACDS_lwr/ip/sopc/app/gnu/BUILD/gnu/build-newlib.nios2-elf.x86_64-pc-linux-gnu/nios2-elf/mno-hw-mul/newlib/libc/reent/../../../../../../src/newlib-4.1.0/newlib/libc/reent/lseekr.c:49: warning: warning: lseek is not implemented and will always fail
nios2-elf-insert nios_led3.elf --thread_model hal --cpu_name cpu --qsys true --simulation_enabled false --id 0 --sidp 0x41110 --timestamp 1667899888 --stderr_dev jtag_uart --stdin_dev jtag_uart --stdout_dev jtag_uart --sopc_system_name nios_led3 --quartus_project_dir "/home/danielcrovo/Documents/Daniel/01.Study/01.MScEE/02.Semester2/SoC/Lab5_SoC" --jdi ../..//output_files/nios_led3.jdi --sopcinfo /home/danielcrovo/Documents/Daniel/01.Study/01.MScEE/02.Semester2/SoC/Lab5_SoC/software/nios_led3_bsp/../../nios_led3.sopcinfo
Info: (nios_led3.elf) 105 KBytes program size (code + initialized data).
Info:                 16 KBytes free for stack + heap.
Info: Creating nios_led3.objdump
nios2-elf-objdump --disassemble --syms --all-header --source nios_led3.elf >nios_led3.objdump
[nios_led3 build complete]
14:23:26 **** Build of configuration Nios II for project nios_led3 ****
make all 
Info: Building ../nios_led3_bsp/
make --no-print-directory -C ../nios_led3_bsp/
[BSP build complete]
[nios_led3 build complete]
14:23:26 **** Incremental Build of configuration Nios II for project nios_led3 ****
make all 
Info: Building ../nios_led3_bsp/
make --no-print-directory -C ../nios_led3_bsp/
[BSP build complete]
[nios_led3 build complete]
